INFO  started: Metals version 0.8.0 in workspace '/Users/mac/Documents/Code/scala_programming/scala-web-project'
INFO  time: initialize in 0.56s
WARN  no build target for: /Users/mac/Documents/Code/scala_programming/scala-web-project/app/controllers/Application.scala
INFO  running '/Library/Java/JavaVirtualMachines/adoptopenjdk-8.jdk/Contents/Home/bin/java -Djline.terminal=jline.UnsupportedTerminal -Dsbt.log.noformat=true -Dfile.encoding=UTF-8 -jar /var/folders/3q/5zmjcyhj375b950wqz17066m0000gn/T/metals5378954231463827168/sbt-launch.jar set bloopExportJarClassifiers in Global := Some(Set("sources")) bloopInstall'
INFO  skipping build import with status 'Started'
INFO  [info] Loading settings for project scala-web-project-build from plugins.sbt,metals.sbt ...
INFO  [info] Loading project definition from /Users/mac/Documents/Code/scala_programming/scala-web-project/project
INFO  [info] Updating ProjectRef(uri("file:/Users/mac/Documents/Code/scala_programming/scala-web-project/project/"), "scala-web-project-build")...
ERROR Waiting for lock on /Users/mac/.ivy2/.sbt.ivy.lock to be available...
WARN  no build target for: /Users/mac/Documents/Code/scala_programming/scala-web-project/app/model/SunInfo.scala
INFO  no build target: using presentation compiler with only scala-library
INFO  [info] Done updating.
INFO  [warn] There may be incompatibilities among your library dependencies; run 'evicted' to see detailed eviction warnings.
INFO  [info] Loading settings for project root from build.sbt ...
INFO  [info] Set current project to scala-web-project (in build file:/Users/mac/Documents/Code/scala_programming/scala-web-project/)
INFO  [info] Defining Global / bloopExportJarClassifiers
INFO  [info] The new value will be used by ThisBuild / bloopExportJarClassifiers
INFO  [info] Reapplying settings...
INFO  [info] Set current project to scala-web-project (in build file:/Users/mac/Documents/Code/scala_programming/scala-web-project/)
INFO  [info] downloading https://repo1.maven.org/maven2/com/fasterxml/jackson/datatype/jackson-datatype-jsr310/2.9.8/jackson-datatype-jsr310-2.9.8-sources.jar ...
INFO  [info] downloading https://repo1.maven.org/maven2/javax/activation/javax.activation-api/1.2.0/javax.activation-api-1.2.0-sources.jar ...
INFO  [info] downloading https://repo1.maven.org/maven2/com/typesafe/play/play-ws-standalone-json_2.12/2.0.1/play-ws-standalone-json_2.12-2.0.1-sources.jar ...
INFO  [info] downloading https://repo1.maven.org/maven2/com/typesafe/play/play-guice_2.12/2.7.0/play-guice_2.12-2.7.0-sources.jar ...
INFO  [info] downloading https://repo1.maven.org/maven2/com/typesafe/play/cachecontrol_2.12/1.1.5/cachecontrol_2.12-1.1.5-sources.jar ...
INFO  [info] downloading https://repo1.maven.org/maven2/com/typesafe/play/play-jdbc-api_2.12/2.7.0/play-jdbc-api_2.12-2.7.0-sources.jar ...
INFO  [info] 	[SUCCESSFUL ] com.fasterxml.jackson.datatype#jackson-datatype-jsr310;2.9.8!jackson-datatype-jsr310.jar(src) (2310ms)
INFO  [info] 	[SUCCESSFUL ] javax.activation#javax.activation-api;1.2.0!javax.activation-api.jar(src) (2490ms)
INFO  [info] 	[SUCCESSFUL ] com.typesafe.play#play-ws-standalone-json_2.12;2.0.1!play-ws-standalone-json_2.12.jar(src) (2587ms)
INFO  [info] downloading https://repo1.maven.org/maven2/com/google/guava/guava/27.0-jre/guava-27.0-jre-sources.jar ...
INFO  [info] 	[SUCCESSFUL ] com.typesafe.play#cachecontrol_2.12;1.1.5!cachecontrol_2.12.jar(src) (2660ms)
INFO  [info] 	[SUCCESSFUL ] com.typesafe.play#play-jdbc-api_2.12;2.7.0!play-jdbc-api_2.12.jar(src) (2673ms)
INFO  [info] 	[SUCCESSFUL ] com.typesafe.play#play-guice_2.12;2.7.0!play-guice_2.12.jar(src) (2755ms)
INFO  [info] downloading https://repo1.maven.org/maven2/com/google/j2objc/j2objc-annotations/1.1/j2objc-annotations-1.1-sources.jar ...
INFO  [info] downloading https://repo1.maven.org/maven2/org/scala-lang/scala-library/2.12.8/scala-library-2.12.8-sources.jar ...
INFO  [info] downloading https://repo1.maven.org/maven2/com/typesafe/play/filters-helpers_2.12/2.7.0/filters-helpers_2.12-2.7.0-sources.jar ...
INFO  [info] downloading https://repo1.maven.org/maven2/com/typesafe/play/play-ws-standalone_2.12/2.0.1/play-ws-standalone_2.12-2.0.1-sources.jar ...
INFO  [info] downloading https://repo1.maven.org/maven2/com/typesafe/play/shaded-asynchttpclient/2.0.1/shaded-asynchttpclient-2.0.1-sources.jar ...
INFO  [info] 	[SUCCESSFUL ] com.google.j2objc#j2objc-annotations;1.1!j2objc-annotations.jar(src) (907ms)
INFO  [info] downloading https://repo1.maven.org/maven2/com/typesafe/play/play-akka-http-server_2.12/2.7.0/play-akka-http-server_2.12-2.7.0-sources.jar ...
INFO  [info] 	[SUCCESSFUL ] com.typesafe.play#shaded-asynchttpclient;2.0.1!shaded-asynchttpclient.jar(src) (2150ms)
INFO  [info] 	[SUCCESSFUL ] com.typesafe.play#filters-helpers_2.12;2.7.0!filters-helpers_2.12.jar(src) (2580ms)
INFO  [info] 	[SUCCESSFUL ] com.typesafe.play#play-ws-standalone_2.12;2.0.1!play-ws-standalone_2.12.jar(src) (2353ms)
INFO  [info] downloading https://repo1.maven.org/maven2/com/typesafe/play/shaded-oauth/2.0.1/shaded-oauth-2.0.1-sources.jar ...
INFO  [info] downloading https://repo1.maven.org/maven2/org/slf4j/jul-to-slf4j/1.7.25/jul-to-slf4j-1.7.25-sources.jar ...
INFO  [info] 	[SUCCESSFUL ] org.scala-lang#scala-library;2.12.8!scala-library.jar(src) (2364ms)
INFO  [info] 	[SUCCESSFUL ] com.google.guava#guava;27.0-jre!guava.jar(src) (2896ms)
INFO  [info] 	[SUCCESSFUL ] com.typesafe.play#play-akka-http-server_2.12;2.7.0!play-akka-http-server_2.12.jar(src) (1960ms)
INFO  [info] downloading https://repo1.maven.org/maven2/com/typesafe/play/play-json_2.12/2.7.0/play-json_2.12-2.7.0-sources.jar ...
INFO  [info] downloading https://repo1.maven.org/maven2/org/scala-lang/modules/scala-parser-combinators_2.12/1.1.1/scala-parser-combinators_2.12-1.1.1-sources.jar ...
INFO  [info] 	[SUCCESSFUL ] org.slf4j#jul-to-slf4j;1.7.25!jul-to-slf4j.jar(src) (762ms)
INFO  [info] downloading https://repo1.maven.org/maven2/org/scala-lang/modules/scala-xml_2.12/1.1.0/scala-xml_2.12-1.1.0-sources.jar ...
INFO  [info] 	[SUCCESSFUL ] com.typesafe.play#shaded-oauth;2.0.1!shaded-oauth.jar(src) (915ms)
INFO  [info] downloading https://repo1.maven.org/maven2/com/googlecode/usc/jdbcdslog/1.0.6.2/jdbcdslog-1.0.6.2-sources.jar ...
INFO  [info] downloading https://repo1.maven.org/maven2/com/typesafe/play/play-ws-standalone-xml_2.12/2.0.1/play-ws-standalone-xml_2.12-2.0.1-sources.jar ...
INFO  [info] 	[SUCCESSFUL ] com.typesafe.play#play-json_2.12;2.7.0!play-json_2.12.jar(src) (799ms)
INFO  [info] downloading https://repo1.maven.org/maven2/com/typesafe/play/play_2.12/2.7.0/play_2.12-2.7.0-sources.jar ...
INFO  [info] downloading https://repo1.maven.org/maven2/com/google/code/findbugs/jsr305/3.0.2/jsr305-3.0.2-sources.jar ...
INFO  [info] 	[SUCCESSFUL ] org.scala-lang.modules#scala-parser-combinators_2.12;1.1.1!scala-parser-combinators_2.12.jar(src) (1281ms)
INFO  [info] 	[SUCCESSFUL ] com.googlecode.usc#jdbcdslog;1.0.6.2!jdbcdslog.jar(src) (755ms)
INFO  [info] downloading https://repo1.maven.org/maven2/org/reactivestreams/reactive-streams/1.0.2/reactive-streams-1.0.2-sources.jar ...
INFO  [info] downloading https://repo1.maven.org/maven2/com/typesafe/play/play-cache_2.12/2.7.0/play-cache_2.12-2.7.0-sources.jar ...
INFO  [info] 	[SUCCESSFUL ] com.google.code.findbugs#jsr305;3.0.2!jsr305.jar(src) (899ms)
INFO  [info] 	[SUCCESSFUL ] org.scala-lang.modules#scala-xml_2.12;1.1.0!scala-xml_2.12.jar(src) (2157ms)
INFO  [info] 	[SUCCESSFUL ] com.typesafe.play#play-ws-standalone-xml_2.12;2.0.1!play-ws-standalone-xml_2.12.jar(src) (1604ms)
INFO  [info] downloading https://repo1.maven.org/maven2/com/google/guava/failureaccess/1.0/failureaccess-1.0-sources.jar ...
INFO  [info] 	[SUCCESSFUL ] org.reactivestreams#reactive-streams;1.0.2!reactive-streams.jar(src) (835ms)
INFO  [info] downloading https://repo1.maven.org/maven2/com/typesafe/play/build-link/2.7.0/build-link-2.7.0-sources.jar ...
INFO  [info] 	[SUCCESSFUL ] com.typesafe.play#play_2.12;2.7.0!play_2.12.jar(src) (1535ms)
INFO  [info] downloading https://repo1.maven.org/maven2/org/scala-lang/modules/scala-java8-compat_2.12/0.9.0/scala-java8-compat_2.12-0.9.0-sources.jar ...
INFO  [info] downloading https://repo1.maven.org/maven2/com/github/ben-manes/caffeine/caffeine/2.6.2/caffeine-2.6.2-sources.jar ...
INFO  [info] downloading https://repo1.maven.org/maven2/org/scala-lang/modules/scala-collection-compat_2.12/0.1.1/scala-collection-compat_2.12-0.1.1-sources.jar ...
INFO  [info] 	[SUCCESSFUL ] com.typesafe.play#play-cache_2.12;2.7.0!play-cache_2.12.jar(src) (1030ms)
INFO  [info] 	[SUCCESSFUL ] com.google.guava#failureaccess;1.0!failureaccess.jar(src) (824ms)
INFO  [info] 	[SUCCESSFUL ] org.scala-lang.modules#scala-java8-compat_2.12;0.9.0!scala-java8-compat_2.12.jar(src) (839ms)
INFO  [info] downloading https://repo1.maven.org/maven2/ch/qos/logback/logback-classic/1.2.3/logback-classic-1.2.3-sources.jar ...
INFO  [info] 	[SUCCESSFUL ] com.typesafe.play#build-link;2.7.0!build-link.jar(src) (1016ms)
INFO  [info] downloading https://repo1.maven.org/maven2/com/typesafe/play/twirl-api_2.12/1.4.0/twirl-api_2.12-1.4.0-sources.jar ...
INFO  [info] downloading https://repo1.maven.org/maven2/com/typesafe/akka/akka-http-core_2.12/10.1.7/akka-http-core_2.12-10.1.7-sources.jar ...
INFO  [info] 	[SUCCESSFUL ] org.scala-lang.modules#scala-collection-compat_2.12;0.1.1!scala-collection-compat_2.12.jar(src) (1045ms)
INFO  [info] 	[SUCCESSFUL ] com.github.ben-manes.caffeine#caffeine;2.6.2!caffeine.jar(src) (1099ms)
INFO  [info] downloading https://repo1.maven.org/maven2/org/slf4j/slf4j-api/1.7.25/slf4j-api-1.7.25-sources.jar ...
INFO  [info] 	[SUCCESSFUL ] ch.qos.logback#logback-classic;1.2.3!logback-classic.jar(src) (925ms)
INFO  [warn] 	Detected merged artifact: [FAILED     ] com.google.guava#listenablefuture;9999.0-empty-to-avoid-conflict-with-guava!listenablefuture.jar(src):  (0ms).
INFO  [warn] ==== local: tried
INFO  [warn] ==== public: tried
INFO  [warn] ==== local-preloaded-ivy: tried
INFO  [warn]   /Users/mac/.sbt/preloaded/com.google.guava/listenablefuture/9999.0-empty-to-avoid-conflict-with-guava/srcs/listenablefuture-sources.jar
INFO  [warn] ==== local-preloaded: tried
INFO  [warn]   file:////Users/mac/.sbt/preloaded/com/google/guava/listenablefuture/9999.0-empty-to-avoid-conflict-with-guava/listenablefuture-9999.0-empty-to-avoid-conflict-with-guava-sources.jar
INFO  [warn] ==== sonatype-snapshots: tried
INFO  [warn]   https://oss.sonatype.org/content/repositories/snapshots/com/google/guava/listenablefuture/9999.0-empty-to-avoid-conflict-with-guava/listenablefuture-9999.0-empty-to-avoid-conflict-with-guava-sources.jar
INFO  [info] 	[SUCCESSFUL ] com.typesafe.play#twirl-api_2.12;1.4.0!twirl-api_2.12.jar(src) (995ms)
INFO  [info] downloading https://repo1.maven.org/maven2/com/typesafe/play/play-streams_2.12/2.7.0/play-streams_2.12-2.7.0-sources.jar ...
INFO  [info] downloading https://repo1.maven.org/maven2/com/typesafe/akka/akka-stream_2.12/2.5.19/akka-stream_2.12-2.5.19-sources.jar ...
INFO  [info] downloading https://repo1.maven.org/maven2/com/typesafe/play/play-ws_2.12/2.7.0/play-ws_2.12-2.7.0-sources.jar ...
INFO  [info] 	[SUCCESSFUL ] com.typesafe.akka#akka-http-core_2.12;10.1.7!akka-http-core_2.12.jar(src) (960ms)
INFO  [info] downloading https://repo1.maven.org/maven2/com/typesafe/play/play-jdbc_2.12/2.7.0/play-jdbc_2.12-2.7.0-sources.jar ...
INFO  [info] downloading https://repo1.maven.org/maven2/org/codehaus/mojo/animal-sniffer-annotations/1.17/animal-sniffer-annotations-1.17-sources.jar ...
INFO  [info] 	[SUCCESSFUL ] org.slf4j#slf4j-api;1.7.25!slf4j-api.jar(src) (1003ms)
INFO  [info] downloading https://repo1.maven.org/maven2/io/jsonwebtoken/jjwt/0.9.1/jjwt-0.9.1-sources.jar ...
INFO  [info] 	[SUCCESSFUL ] com.typesafe.play#play-ws_2.12;2.7.0!play-ws_2.12.jar(src) (944ms)
INFO  [info] 	[SUCCESSFUL ] com.typesafe.play#play-jdbc_2.12;2.7.0!play-jdbc_2.12.jar(src) (833ms)
INFO  [info] 	[SUCCESSFUL ] com.typesafe.play#play-streams_2.12;2.7.0!play-streams_2.12.jar(src) (973ms)
INFO  [info] 	[SUCCESSFUL ] org.codehaus.mojo#animal-sniffer-annotations;1.17!animal-sniffer-annotations.jar(src) (848ms)
INFO  [info] downloading https://repo1.maven.org/maven2/com/typesafe/play/play-exceptions/2.7.0/play-exceptions-2.7.0-sources.jar ...
INFO  [info] downloading https://repo1.maven.org/maven2/org/typelevel/macro-compat_2.12/1.1.1/macro-compat_2.12-1.1.1-sources.jar ...
INFO  [info] downloading https://repo1.maven.org/maven2/com/typesafe/play/play-ahc-ws_2.12/2.7.0/play-ahc-ws_2.12-2.7.0-sources.jar ...
INFO  [info] 	[SUCCESSFUL ] com.typesafe.akka#akka-stream_2.12;2.5.19!akka-stream_2.12.jar(src) (1695ms)
INFO  [info] downloading https://repo1.maven.org/maven2/com/typesafe/ssl-config-core_2.12/0.3.7/ssl-config-core_2.12-0.3.7-sources.jar ...
INFO  [info] downloading https://repo1.maven.org/maven2/javax/xml/bind/jaxb-api/2.3.1/jaxb-api-2.3.1-sources.jar ...
INFO  [info] 	[SUCCESSFUL ] io.jsonwebtoken#jjwt;0.9.1!jjwt.jar(src) (915ms)
INFO  [info] downloading https://repo1.maven.org/maven2/org/slf4j/jcl-over-slf4j/1.7.25/jcl-over-slf4j-1.7.25-sources.jar ...
INFO  [info] 	[SUCCESSFUL ] com.typesafe.play#play-exceptions;2.7.0!play-exceptions.jar(src) (1411ms)
INFO  [info] 	[SUCCESSFUL ] org.typelevel#macro-compat_2.12;1.1.1!macro-compat_2.12.jar(src) (1423ms)
INFO  [info] downloading https://repo1.maven.org/maven2/com/typesafe/play/play-functional_2.12/2.7.0/play-functional_2.12-2.7.0-sources.jar ...
INFO  [info] downloading https://repo1.maven.org/maven2/javax/cache/cache-api/1.0.0/cache-api-1.0.0-sources.jar ...
INFO  [info] 	[SUCCESSFUL ] javax.xml.bind#jaxb-api;2.3.1!jaxb-api.jar(src) (1512ms)
INFO  [info] 	[SUCCESSFUL ] com.typesafe.play#play-ahc-ws_2.12;2.7.0!play-ahc-ws_2.12.jar(src) (1790ms)
INFO  [info] 	[SUCCESSFUL ] com.typesafe#ssl-config-core_2.12;0.3.7!ssl-config-core_2.12.jar(src) (1706ms)
INFO  [info] 	[SUCCESSFUL ] org.slf4j#jcl-over-slf4j;1.7.25!jcl-over-slf4j.jar(src) (1503ms)
INFO  [info] downloading https://repo1.maven.org/maven2/com/typesafe/akka/akka-actor_2.12/2.5.19/akka-actor_2.12-2.5.19-sources.jar ...
INFO  [info] downloading https://repo1.maven.org/maven2/org/joda/joda-convert/1.9.2/joda-convert-1.9.2-sources.jar ...
INFO  [info] downloading https://repo1.maven.org/maven2/com/typesafe/akka/akka-slf4j_2.12/2.5.19/akka-slf4j_2.12-2.5.19-sources.jar ...
INFO  [warn] 	Detected merged artifact: [FAILED     ] tyrex#tyrex;1.0.1!tyrex.jar(src):  (0ms).
INFO  [warn] ==== local: tried
INFO  [warn] ==== public: tried
INFO  [warn] ==== local-preloaded-ivy: tried
INFO  [warn]   /Users/mac/.sbt/preloaded/tyrex/tyrex/1.0.1/srcs/tyrex-sources.jar
INFO  [warn] ==== local-preloaded: tried
INFO  [warn]   file:////Users/mac/.sbt/preloaded/tyrex/tyrex/1.0.1/tyrex-1.0.1-sources.jar
INFO  [warn] ==== sonatype-snapshots: tried
INFO  [warn]   https://oss.sonatype.org/content/repositories/snapshots/tyrex/tyrex/1.0.1/tyrex-1.0.1-sources.jar
INFO  [info] 	[SUCCESSFUL ] com.typesafe.play#play-functional_2.12;2.7.0!play-functional_2.12.jar(src) (901ms)
INFO  [info] 	[SUCCESSFUL ] javax.cache#cache-api;1.0.0!cache-api.jar(src) (922ms)
INFO  [info] downloading https://repo1.maven.org/maven2/joda-time/joda-time/2.10.1/joda-time-2.10.1-sources.jar ...
INFO  [info] downloading https://repo1.maven.org/maven2/com/typesafe/config/1.3.3/config-1.3.3-sources.jar ...
INFO  [info] 	[SUCCESSFUL ] org.joda#joda-convert;1.9.2!joda-convert.jar(src) (797ms)
INFO  [info] 	[SUCCESSFUL ] com.typesafe.akka#akka-actor_2.12;2.5.19!akka-actor_2.12.jar(src) (1005ms)
INFO  [info] downloading https://repo1.maven.org/maven2/org/checkerframework/checker-qual/2.5.2/checker-qual-2.5.2-sources.jar ...
INFO  [info] downloading https://repo1.maven.org/maven2/com/github/ben-manes/caffeine/jcache/2.6.2/jcache-2.6.2-sources.jar ...
INFO  [info] downloading https://repo1.maven.org/maven2/org/scala-lang/scala-reflect/2.12.8/scala-reflect-2.12.8-sources.jar ...
INFO  [info] 	[SUCCESSFUL ] com.typesafe#config;1.3.3!config.jar(src) (1230ms)
INFO  [info] 	[SUCCESSFUL ] com.typesafe.akka#akka-slf4j_2.12;2.5.19!akka-slf4j_2.12.jar(src) (1779ms)
INFO  [info] downloading https://repo1.maven.org/maven2/com/google/inject/guice/4.2.2/guice-4.2.2-sources.jar ...
INFO  [info] downloading https://repo1.maven.org/maven2/javax/transaction/jta/1.1/jta-1.1-sources.jar ...
INFO  [info] 	[SUCCESSFUL ] org.checkerframework#checker-qual;2.5.2!checker-qual.jar(src) (1330ms)
INFO  [info] 	[SUCCESSFUL ] com.github.ben-manes.caffeine#jcache;2.6.2!jcache.jar(src) (1735ms)
INFO  [info] downloading https://repo1.maven.org/maven2/com/fasterxml/jackson/datatype/jackson-datatype-jdk8/2.9.8/jackson-datatype-jdk8-2.9.8-sources.jar ...
INFO  [info] 	[SUCCESSFUL ] org.scala-lang#scala-reflect;2.12.8!scala-reflect.jar(src) (1577ms)
INFO  [info] downloading https://repo1.maven.org/maven2/com/typesafe/play/play-logback_2.12/2.7.0/play-logback_2.12-2.7.0-sources.jar ...
INFO  [info] 	[SUCCESSFUL ] javax.transaction#jta;1.1!jta.jar(src) (1012ms)
INFO  [info] downloading https://repo1.maven.org/maven2/aopalliance/aopalliance/1.0/aopalliance-1.0-sources.jar ...
INFO  [info] 	[SUCCESSFUL ] com.google.inject#guice;4.2.2!guice.jar(src) (1023ms)
INFO  [info] downloading https://repo1.maven.org/maven2/com/typesafe/akka/akka-parsing_2.12/10.1.7/akka-parsing_2.12-10.1.7-sources.jar ...
INFO  [info] 	[SUCCESSFUL ] com.fasterxml.jackson.datatype#jackson-datatype-jdk8;2.9.8!jackson-datatype-jdk8.jar(src) (846ms)
INFO  [info] downloading https://repo1.maven.org/maven2/com/typesafe/play/play-caffeine-cache_2.12/2.7.0/play-caffeine-cache_2.12-2.7.0-sources.jar ...
INFO  [info] 	[SUCCESSFUL ] joda-time#joda-time;2.10.1!joda-time.jar(src) (2860ms)
INFO  [info] downloading https://repo1.maven.org/maven2/com/fasterxml/jackson/core/jackson-core/2.9.8/jackson-core-2.9.8-sources.jar ...
INFO  [info] 	[SUCCESSFUL ] aopalliance#aopalliance;1.0!aopalliance.jar(src) (796ms)
INFO  [info] 	[SUCCESSFUL ] com.typesafe.play#play-logback_2.12;2.7.0!play-logback_2.12.jar(src) (1249ms)
INFO  [info] downloading https://repo1.maven.org/maven2/com/fasterxml/jackson/core/jackson-databind/2.9.8/jackson-databind-2.9.8-sources.jar ...
INFO  [info] downloading https://repo1.maven.org/maven2/com/typesafe/play/play-server_2.12/2.7.0/play-server_2.12-2.7.0-sources.jar ...
INFO  [info] 	[SUCCESSFUL ] com.fasterxml.jackson.core#jackson-core;2.9.8!jackson-core.jar(src) (982ms)
INFO  [info] downloading https://repo1.maven.org/maven2/com/typesafe/play/play-ahc-ws-standalone_2.12/2.0.1/play-ahc-ws-standalone_2.12-2.0.1-sources.jar ...
INFO  [info] 	[SUCCESSFUL ] com.typesafe.play#play-caffeine-cache_2.12;2.7.0!play-caffeine-cache_2.12.jar(src) (1380ms)
INFO  [info] 	[SUCCESSFUL ] com.typesafe.akka#akka-parsing_2.12;10.1.7!akka-parsing_2.12.jar(src) (1446ms)
INFO  [info] downloading https://repo1.maven.org/maven2/com/typesafe/akka/akka-protobuf_2.12/2.5.19/akka-protobuf_2.12-2.5.19-sources.jar ...
INFO  [info] downloading https://repo1.maven.org/maven2/com/google/inject/extensions/guice-assistedinject/4.2.2/guice-assistedinject-4.2.2-sources.jar ...
INFO  [info] downloading https://repo1.maven.org/maven2/com/fasterxml/jackson/core/jackson-annotations/2.9.8/jackson-annotations-2.9.8-sources.jar ...
INFO  [info] 	[SUCCESSFUL ] com.typesafe.play#play-server_2.12;2.7.0!play-server_2.12.jar(src) (1250ms)
INFO  [info] downloading https://repo1.maven.org/maven2/ch/qos/logback/logback-core/1.2.3/logback-core-1.2.3-sources.jar ...
INFO  [info] 	[SUCCESSFUL ] com.fasterxml.jackson.core#jackson-databind;2.9.8!jackson-databind.jar(src) (1140ms)
INFO  [info] downloading https://repo1.maven.org/maven2/javax/inject/javax.inject/1/javax.inject-1-sources.jar ...
INFO  [info] 	[SUCCESSFUL ] com.google.inject.extensions#guice-assistedinject;4.2.2!guice-assistedinject.jar(src) (794ms)
INFO  [info] 	[SUCCESSFUL ] com.typesafe.play#play-ahc-ws-standalone_2.12;2.0.1!play-ahc-ws-standalone_2.12.jar(src) (1613ms)
INFO  [info] 	[SUCCESSFUL ] com.fasterxml.jackson.core#jackson-annotations;2.9.8!jackson-annotations.jar(src) (799ms)
INFO  [info] downloading https://repo1.maven.org/maven2/com/google/errorprone/error_prone_annotations/2.2.0/error_prone_annotations-2.2.0-sources.jar ...
INFO  [info] 	[SUCCESSFUL ] com.typesafe.akka#akka-protobuf_2.12;2.5.19!akka-protobuf_2.12.jar(src) (1105ms)
INFO  [info] 	[SUCCESSFUL ] ch.qos.logback#logback-core;1.2.3!logback-core.jar(src) (846ms)
INFO  [info] 	[SUCCESSFUL ] javax.inject#javax.inject;1!javax.inject.jar(src) (748ms)
INFO  [info] downloading https://repo1.maven.org/maven2/com/zaxxer/HikariCP/3.3.0/HikariCP-3.3.0-sources.jar ...
INFO  [info] downloading https://repo1.maven.org/maven2/io/netty/netty-transport-native-epoll/4.1.31.Final/netty-transport-native-epoll-4.1.31.Final-sources.jar ...
INFO  [info] downloading https://repo1.maven.org/maven2/io/netty/netty-codec/4.1.13.Final/netty-codec-4.1.13.Final-sources.jar ...
INFO  [info] downloading https://repo1.maven.org/maven2/org/seleniumhq/selenium/selenium-api/3.141.59/selenium-api-3.141.59-sources.jar ...
INFO  [info] 	[SUCCESSFUL ] com.google.errorprone#error_prone_annotations;2.2.0!error_prone_annotations.jar(src) (763ms)
INFO  [info] downloading https://repo1.maven.org/maven2/org/apache/commons/commons-lang3/3.8/commons-lang3-3.8-sources.jar ...
INFO  [info] downloading https://repo1.maven.org/maven2/org/apache/commons/commons-exec/1.3/commons-exec-1.3-sources.jar ...
INFO  [info] 	[SUCCESSFUL ] org.seleniumhq.selenium#selenium-api;3.141.59!selenium-api.jar(src) (1490ms)
INFO  [info] 	[SUCCESSFUL ] io.netty#netty-transport-native-epoll;4.1.31.Final!netty-transport-native-epoll.jar(src) (1191ms)
INFO  [info] 	[SUCCESSFUL ] io.netty#netty-codec;4.1.13.Final!netty-codec.jar(src) (1142ms)
INFO  [info] downloading https://repo1.maven.org/maven2/io/netty/netty-resolver/4.1.31.Final/netty-resolver-4.1.31.Final-sources.jar ...
INFO  [info] 	[SUCCESSFUL ] org.apache.commons#commons-exec;1.3!commons-exec.jar(src) (895ms)
INFO  [info] downloading https://repo1.maven.org/maven2/org/eclipse/jetty/jetty-io/9.4.12.v20180830/jetty-io-9.4.12.v20180830-sources.jar ...
INFO  [info] downloading https://repo1.maven.org/maven2/org/seleniumhq/selenium/selenium-remote-driver/3.141.59/selenium-remote-driver-3.141.59-sources.jar ...
INFO  [info] 	[SUCCESSFUL ] com.zaxxer#HikariCP;3.3.0!HikariCP.jar(src) (1819ms)
INFO  [info] downloading https://repo1.maven.org/maven2/org/seleniumhq/selenium/selenium-support/3.141.59/selenium-support-3.141.59-sources.jar ...
INFO  [info] downloading https://repo1.maven.org/maven2/org/apache/httpcomponents/httpmime/4.5.6/httpmime-4.5.6-sources.jar ...
INFO  [info] 	[SUCCESSFUL ] org.apache.commons#commons-lang3;3.8!commons-lang3.jar(src) (1821ms)
INFO  [info] downloading https://repo1.maven.org/maven2/io/netty/netty-transport-native-unix-common/4.1.31.Final/netty-transport-native-unix-common-4.1.31.Final-sources.jar ...
INFO  [info] 	[SUCCESSFUL ] org.seleniumhq.selenium#selenium-remote-driver;3.141.59!selenium-remote-driver.jar(src) (977ms)
INFO  [info] 	[SUCCESSFUL ] org.seleniumhq.selenium#selenium-support;3.141.59!selenium-support.jar(src) (841ms)
INFO  [info] 	[SUCCESSFUL ] org.eclipse.jetty#jetty-io;9.4.12.v20180830!jetty-io.jar(src) (1084ms)
INFO  [info] downloading https://repo1.maven.org/maven2/commons-logging/commons-logging/1.2/commons-logging-1.2-sources.jar ...
INFO  [info] 	[SUCCESSFUL ] org.apache.httpcomponents#httpmime;4.5.6!httpmime.jar(src) (881ms)
INFO  [info] downloading https://repo1.maven.org/maven2/org/seleniumhq/selenium/selenium-firefox-driver/3.141.59/selenium-firefox-driver-3.141.59-sources.jar ...
INFO  [info] downloading https://repo1.maven.org/maven2/org/eclipse/jetty/jetty-xml/9.4.12.v20180830/jetty-xml-9.4.12.v20180830-sources.jar ...
INFO  [info] 	[SUCCESSFUL ] io.netty#netty-resolver;4.1.31.Final!netty-resolver.jar(src) (1309ms)
INFO  [info] 	[SUCCESSFUL ] io.netty#netty-transport-native-unix-common;4.1.31.Final!netty-transport-native-unix-common.jar(src) (819ms)
INFO  [info] downloading https://repo1.maven.org/maven2/org/eclipse/jetty/jetty-util/9.4.12.v20180830/jetty-util-9.4.12.v20180830-sources.jar ...
INFO  [info] downloading https://repo1.maven.org/maven2/org/apache/commons/commons-text/1.4/commons-text-1.4-sources.jar ...
INFO  [info] 	[SUCCESSFUL ] commons-logging#commons-logging;1.2!commons-logging.jar(src) (947ms)
INFO  [info] 	[SUCCESSFUL ] org.seleniumhq.selenium#selenium-firefox-driver;3.141.59!selenium-firefox-driver.jar(src) (940ms)
INFO  [info] downloading https://repo1.maven.org/maven2/net/sourceforge/htmlunit/htmlunit-core-js/2.33/htmlunit-core-js-2.33-sources.jar ...
INFO  [info] downloading https://repo1.maven.org/maven2/io/netty/netty-common/4.1.31.Final/netty-common-4.1.31.Final-sources.jar ...
INFO  [info] 	[SUCCESSFUL ] org.eclipse.jetty#jetty-xml;9.4.12.v20180830!jetty-xml.jar(src) (950ms)
INFO  [info] downloading https://repo1.maven.org/maven2/com/typesafe/play/play-test_2.12/2.7.0/play-test_2.12-2.7.0-sources.jar ...
INFO  [info] downloading https://repo1.maven.org/maven2/com/typesafe/play/play-netty-server_2.12/2.7.0/play-netty-server_2.12-2.7.0-sources.jar ...
INFO  [info] 	[SUCCESSFUL ] org.apache.commons#commons-text;1.4!commons-text.jar(src) (1728ms)
INFO  [info] 	[SUCCESSFUL ] org.eclipse.jetty#jetty-util;9.4.12.v20180830!jetty-util.jar(src) (1742ms)
INFO  [info] 	[SUCCESSFUL ] io.netty#netty-common;4.1.31.Final!netty-common.jar(src) (1603ms)
INFO  [info] 	[SUCCESSFUL ] com.typesafe.play#play-test_2.12;2.7.0!play-test_2.12.jar(src) (1741ms)
INFO  [info] downloading https://repo1.maven.org/maven2/org/eclipse/jetty/jetty-http/9.4.12.v20180830/jetty-http-9.4.12.v20180830-sources.jar ...
INFO  [info] downloading https://repo1.maven.org/maven2/io/netty/netty-buffer/4.1.31.Final/netty-buffer-4.1.31.Final-sources.jar ...
INFO  [info] downloading https://repo1.maven.org/maven2/org/apache/httpcomponents/httpcore/4.4.10/httpcore-4.4.10-sources.jar ...
INFO  [info] downloading https://repo1.maven.org/maven2/io/netty/netty-transport/4.1.31.Final/netty-transport-4.1.31.Final-sources.jar ...
INFO  [info] 	[SUCCESSFUL ] net.sourceforge.htmlunit#htmlunit-core-js;2.33!htmlunit-core-js.jar(src) (2962ms)
INFO  [info] 	[SUCCESSFUL ] com.typesafe.play#play-netty-server_2.12;2.7.0!play-netty-server_2.12.jar(src) (2091ms)
INFO  [info] downloading https://repo1.maven.org/maven2/com/typesafe/netty/netty-reactive-streams/2.0.0/netty-reactive-streams-2.0.0-sources.jar ...
INFO  [info] downloading https://repo1.maven.org/maven2/org/eclipse/jetty/jetty-client/9.4.12.v20180830/jetty-client-9.4.12.v20180830-sources.jar ...
INFO  [info] 	[SUCCESSFUL ] org.eclipse.jetty#jetty-http;9.4.12.v20180830!jetty-http.jar(src) (1337ms)
INFO  [info] downloading https://repo1.maven.org/maven2/com/squareup/okio/okio/1.14.0/okio-1.14.0-sources.jar ...
INFO  [info] 	[SUCCESSFUL ] org.apache.httpcomponents#httpcore;4.4.10!httpcore.jar(src) (1044ms)
INFO  [info] 	[SUCCESSFUL ] io.netty#netty-transport;4.1.31.Final!netty-transport.jar(src) (946ms)
INFO  [info] 	[SUCCESSFUL ] io.netty#netty-buffer;4.1.31.Final!netty-buffer.jar(src) (1654ms)
INFO  [info] downloading https://repo1.maven.org/maven2/commons-net/commons-net/3.6/commons-net-3.6-sources.jar ...
INFO  [info] downloading https://repo1.maven.org/maven2/org/eclipse/jetty/websocket/websocket-api/9.4.12.v20180830/websocket-api-9.4.12.v20180830-sources.jar ...
INFO  [info] 	[SUCCESSFUL ] com.typesafe.netty#netty-reactive-streams;2.0.0!netty-reactive-streams.jar(src) (886ms)
INFO  [info] downloading https://repo1.maven.org/maven2/org/apache/httpcomponents/httpclient/4.5.6/httpclient-4.5.6-sources.jar ...
INFO  [info] 	[SUCCESSFUL ] com.squareup.okio#okio;1.14.0!okio.jar(src) (861ms)
INFO  [info] downloading https://repo1.maven.org/maven2/org/fluentlenium/fluentlenium-core/3.7.1/fluentlenium-core-3.7.1-sources.jar ...
INFO  [info] 	[SUCCESSFUL ] org.eclipse.jetty#jetty-client;9.4.12.v20180830!jetty-client.jar(src) (1240ms)
INFO  [info] downloading https://repo1.maven.org/maven2/commons-codec/commons-codec/1.10/commons-codec-1.10-sources.jar ...
INFO  [info] 	[SUCCESSFUL ] org.eclipse.jetty.websocket#websocket-api;9.4.12.v20180830!websocket-api.jar(src) (883ms)
INFO  [info] 	[SUCCESSFUL ] commons-net#commons-net;3.6!commons-net.jar(src) (999ms)
INFO  [info] downloading https://repo1.maven.org/maven2/org/atteo/classindex/classindex/3.4/classindex-3.4-sources.jar ...
INFO  [info] downloading https://repo1.maven.org/maven2/net/sourceforge/htmlunit/htmlunit-cssparser/1.2.0/htmlunit-cssparser-1.2.0-sources.jar ...
INFO  [info] downloading https://repo1.maven.org/maven2/io/netty/netty-handler/4.1.13.Final/netty-handler-4.1.13.Final-sources.jar ...
INFO  [info] 	[SUCCESSFUL ] org.fluentlenium#fluentlenium-core;3.7.1!fluentlenium-core.jar(src) (1670ms)
INFO  [info] downloading https://repo1.maven.org/maven2/junit/junit/4.12/junit-4.12-sources.jar ...
INFO  [info] 	[SUCCESSFUL ] commons-codec#commons-codec;1.10!commons-codec.jar(src) (1046ms)
INFO  [info] 	[SUCCESSFUL ] org.atteo.classindex#classindex;3.4!classindex.jar(src) (884ms)
INFO  [info] downloading https://repo1.maven.org/maven2/com/typesafe/netty/netty-reactive-streams-http/2.0.0/netty-reactive-streams-http-2.0.0-sources.jar ...
INFO  [info] downloading https://repo1.maven.org/maven2/xerces/xercesImpl/2.12.0/xercesImpl-2.12.0-sources.jar ...
INFO  [info] 	[SUCCESSFUL ] net.sourceforge.htmlunit#htmlunit-cssparser;1.2.0!htmlunit-cssparser.jar(src) (1269ms)
INFO  [info] 	[SUCCESSFUL ] org.apache.httpcomponents#httpclient;4.5.6!httpclient.jar(src) (2293ms)
INFO  [info] downloading https://repo1.maven.org/maven2/xalan/serializer/2.7.2/serializer-2.7.2-sources.jar ...
INFO  [info] 	[SUCCESSFUL ] io.netty#netty-handler;4.1.13.Final!netty-handler.jar(src) (2615ms)
INFO  [info] 	[SUCCESSFUL ] junit#junit;4.12!junit.jar(src) (1782ms)
INFO  [info] downloading https://repo1.maven.org/maven2/net/sourceforge/htmlunit/htmlunit/2.33/htmlunit-2.33-sources.jar ...
INFO  [info] downloading https://repo1.maven.org/maven2/com/squareup/okhttp3/okhttp/3.11.0/okhttp-3.11.0-sources.jar ...
INFO  [info] downloading https://repo1.maven.org/maven2/org/hamcrest/hamcrest-core/1.3/hamcrest-core-1.3-sources.jar ...
INFO  [info] 	[SUCCESSFUL ] com.typesafe.netty#netty-reactive-streams-http;2.0.0!netty-reactive-streams-http.jar(src) (3152ms)
INFO  [info] downloading https://repo1.maven.org/maven2/commons-io/commons-io/2.6/commons-io-2.6-sources.jar ...
INFO  [info] 	[SUCCESSFUL ] org.hamcrest#hamcrest-core;1.3!hamcrest-core.jar(src) (3130ms)
INFO  [info] 	[SUCCESSFUL ] xerces#xercesImpl;2.12.0!xercesImpl.jar(src) (4728ms)
INFO  [info] downloading https://repo1.maven.org/maven2/org/eclipse/jetty/websocket/websocket-common/9.4.12.v20180830/websocket-common-9.4.12.v20180830-sources.jar ...
INFO  [info] 	[SUCCESSFUL ] com.squareup.okhttp3#okhttp;3.11.0!okhttp.jar(src) (3681ms)
INFO  [info] 	[SUCCESSFUL ] xalan#serializer;2.7.2!serializer.jar(src) (4862ms)
INFO  [info] downloading https://repo1.maven.org/maven2/xml-apis/xml-apis/1.4.01/xml-apis-1.4.01-sources.jar ...
INFO  [info] downloading https://repo1.maven.org/maven2/org/seleniumhq/selenium/htmlunit-driver/2.33.3/htmlunit-driver-2.33.3-sources.jar ...
INFO  [info] 	[SUCCESSFUL ] net.sourceforge.htmlunit#htmlunit;2.33!htmlunit.jar(src) (4486ms)
INFO  [info] 	[SUCCESSFUL ] commons-io#commons-io;2.6!commons-io.jar(src) (2254ms)
INFO  [info] downloading https://repo1.maven.org/maven2/xalan/xalan/2.7.2/xalan-2.7.2-sources.jar ...
INFO  [info] downloading https://repo1.maven.org/maven2/org/scala-sbt/test-interface/1.0/test-interface-1.0-sources.jar ...
INFO  [info] downloading https://repo1.maven.org/maven2/net/bytebuddy/byte-buddy/1.8.15/byte-buddy-1.8.15-sources.jar ...
INFO  [info] 	[SUCCESSFUL ] org.eclipse.jetty.websocket#websocket-common;9.4.12.v20180830!websocket-common.jar(src) (2132ms)
INFO  [info] downloading https://repo1.maven.org/maven2/io/netty/netty-codec-http/4.1.13.Final/netty-codec-http-4.1.13.Final-sources.jar ...
INFO  [info] 	[SUCCESSFUL ] org.scala-sbt#test-interface;1.0!test-interface.jar(src) (2036ms)
INFO  [info] 	[SUCCESSFUL ] xml-apis#xml-apis;1.4.01!xml-apis.jar(src) (2266ms)
INFO  [info] 	[SUCCESSFUL ] org.seleniumhq.selenium#htmlunit-driver;2.33.3!htmlunit-driver.jar(src) (2638ms)
INFO  [info] downloading https://repo1.maven.org/maven2/com/novocode/junit-interface/0.11/junit-interface-0.11-sources.jar ...
INFO  [info] downloading https://repo1.maven.org/maven2/net/sourceforge/htmlunit/neko-htmlunit/2.33/neko-htmlunit-2.33-sources.jar ...
INFO  [info] downloading https://repo1.maven.org/maven2/org/eclipse/jetty/websocket/websocket-client/9.4.12.v20180830/websocket-client-9.4.12.v20180830-sources.jar ...
INFO  [info] 	[SUCCESSFUL ] net.bytebuddy#byte-buddy;1.8.15!byte-buddy.jar(src) (2466ms)
INFO  [info] downloading https://repo1.maven.org/maven2/org/scala-lang/modules/scala-xml_2.12/1.0.6/scala-xml_2.12-1.0.6-sources.jar ...
INFO  [info] 	[SUCCESSFUL ] com.novocode#junit-interface;0.11!junit-interface.jar(src) (969ms)
INFO  [info] 	[SUCCESSFUL ] org.eclipse.jetty.websocket#websocket-client;9.4.12.v20180830!websocket-client.jar(src) (993ms)
INFO  [info] 	[SUCCESSFUL ] io.netty#netty-codec-http;4.1.13.Final!netty-codec-http.jar(src) (1515ms)
INFO  [info] 	[SUCCESSFUL ] net.sourceforge.htmlunit#neko-htmlunit;2.33!neko-htmlunit.jar(src) (1009ms)
INFO  [info] downloading https://repo1.maven.org/maven2/org/scala-lang/scala-compiler/2.12.8/scala-compiler-2.12.8-sources.jar ...
INFO  [info] downloading https://repo1.maven.org/maven2/jline/jline/2.14.6/jline-2.14.6-sources.jar ...
INFO  [info] downloading https://repo1.maven.org/maven2/org/parboiled/parboiled-core/1.1.7/parboiled-core-1.1.7-sources.jar ...
INFO  [info] 	[SUCCESSFUL ] xalan#xalan;2.7.2!xalan.jar(src) (3282ms)
INFO  [info] downloading https://repo1.maven.org/maven2/org/ow2/asm/asm-analysis/5.0.3/asm-analysis-5.0.3-sources.jar ...
INFO  [info] 	[SUCCESSFUL ] org.scala-lang.modules#scala-xml_2.12;1.0.6!scala-xml_2.12.jar(src) (911ms)
INFO  [info] downloading https://repo1.maven.org/maven2/com/typesafe/play/play-docs_2.12/2.7.0/play-docs_2.12-2.7.0-sources.jar ...
INFO  [info] 	[SUCCESSFUL ] jline#jline;2.14.6!jline.jar(src) (970ms)
INFO  [info] 	[SUCCESSFUL ] org.parboiled#parboiled-core;1.1.7!parboiled-core.jar(src) (973ms)
INFO  [info] downloading https://repo1.maven.org/maven2/org/pegdown/pegdown/1.6.0/pegdown-1.6.0-sources.jar ...
INFO  [info] downloading https://repo1.maven.org/maven2/org/ow2/asm/asm-tree/5.0.3/asm-tree-5.0.3-sources.jar ...
INFO  [info] 	[SUCCESSFUL ] com.typesafe.play#play-docs_2.12;2.7.0!play-docs_2.12.jar(src) (1221ms)
INFO  [info] downloading https://repo1.maven.org/maven2/org/ow2/asm/asm/5.0.3/asm-5.0.3-sources.jar ...
INFO  [info] downloading https://repo1.maven.org/maven2/com/typesafe/play/play-omnidoc_2.12/2.7.0/play-omnidoc_2.12-2.7.0-sources.jar ...
INFO  [info] 	[SUCCESSFUL ] org.ow2.asm#asm-analysis;5.0.3!asm-analysis.jar(src) (1782ms)
INFO  [info] 	[SUCCESSFUL ] org.pegdown#pegdown;1.6.0!pegdown.jar(src) (1032ms)
INFO  [info] downloading https://repo1.maven.org/maven2/org/ow2/asm/asm-util/5.0.3/asm-util-5.0.3-sources.jar ...
INFO  [info] 	[SUCCESSFUL ] com.typesafe.play#play-omnidoc_2.12;2.7.0!play-omnidoc_2.12.jar(src) (1081ms)
INFO  [info] 	[SUCCESSFUL ] org.ow2.asm#asm-tree;5.0.3!asm-tree.jar(src) (1335ms)
INFO  [info] downloading https://repo1.maven.org/maven2/com/typesafe/play/play-doc_2.12/2.0.0/play-doc_2.12-2.0.0-sources.jar ...
INFO  [info] downloading https://repo1.maven.org/maven2/org/parboiled/parboiled-java/1.1.7/parboiled-java-1.1.7-sources.jar ...
INFO  [info] 	[SUCCESSFUL ] org.parboiled#parboiled-java;1.1.7!parboiled-java.jar(src) (1316ms)
INFO  [info] 	[SUCCESSFUL ] org.ow2.asm#asm-util;5.0.3!asm-util.jar(src) (1884ms)
INFO  [info] 	[SUCCESSFUL ] com.typesafe.play#play-doc_2.12;2.0.0!play-doc_2.12.jar(src) (2147ms)
INFO  [info] 	[SUCCESSFUL ] org.ow2.asm#asm;5.0.3!asm.jar(src) (4050ms)
INFO  [info] 	[SUCCESSFUL ] org.scala-lang#scala-compiler;2.12.8!scala-compiler.jar(src) (6110ms)
INFO  [warn] 	::::::::::::::::::::::::::::::::::::::::::::::
INFO  [warn] 	::              FAILED DOWNLOADS            ::
INFO  [warn] 	:: ^ see resolution messages for details  ^ ::
INFO  [warn] 	::::::::::::::::::::::::::::::::::::::::::::::
INFO  [warn] 	:: com.google.guava#listenablefuture;9999.0-empty-to-avoid-conflict-with-guava!listenablefuture.jar(src)
INFO  [warn] 	:: tyrex#tyrex;1.0.1!tyrex.jar(src)
INFO  [warn] 	::::::::::::::::::::::::::::::::::::::::::::::
INFO  [success] Generated .bloop/root-test.json
INFO  [success] Generated .bloop/root.json
INFO  [success] Total time: 47 s, completed Mar 5, 2020 11:03:07 PM
INFO  build tool exit: 0
INFO  time: ran 'sbt bloopInstall' in 2m13s
Starting the bsp launcher for bloop...
Opening a bsp server connection with 'bsp --protocol local --socket /var/folders/3q/5zmjcyhj375b950wqz17066m0000gn/T/bsp-launcher4395890191739683510/bsp.socket'...
Waiting for the bsp connection to come up...
Waiting for the bsp connection to come up...
Waiting for the bsp connection to come up...
INFO  shutting down Metals
INFO  started: Metals version 0.8.0 in workspace '/Users/mac/Documents/Code/scala_programming/scala-web-project'
INFO  time: initialize in 0.75s
Starting the bsp launcher for bloop...
Opening a bsp server connection with 'bsp --protocol local --socket /var/folders/3q/5zmjcyhj375b950wqz17066m0000gn/T/bsp-launcher8976892822287030666/bsp.socket'...
Waiting for the bsp connection to come up...
INFO  skipping build import with status 'Installed'
Waiting for the bsp connection to come up...
WARN  no build target for: /Users/mac/Documents/Code/scala_programming/scala-web-project/app/controllers/Application.scala
Mar 05, 2020 11:03:27 PM org.eclipse.lsp4j.jsonrpc.RemoteEndpoint handleCancellation
WARNING: Unmatched cancel notification for request id 2
Mar 05, 2020 11:03:28 PM org.eclipse.lsp4j.jsonrpc.RemoteEndpoint handleCancellation
WARNING: Unmatched cancel notification for request id 5
INFO  no build target: using presentation compiler with only scala-library
Waiting for the bsp connection to come up...
WARN  no build target for: /Users/mac/Documents/Code/scala_programming/scala-web-project/app/controllers/Application.scala
Waiting for the bsp connection to come up...
Waiting for the bsp connection to come up...
Waiting for the bsp connection to come up...
Waiting for the bsp connection to come up...
Waiting for the bsp connection to come up...
Waiting for the bsp connection to come up...
Waiting for the bsp connection to come up...
Waiting for the bsp connection to come up...
Waiting for the bsp connection to come up...
Waiting for the bsp connection to come up...
Waiting for the bsp connection to come up...
Waiting for the bsp connection to come up...
Waiting for the bsp connection to come up...
Waiting for the bsp connection to come up...
Waiting for the bsp connection to come up...
Waiting for the bsp connection to come up...
Waiting for the bsp connection to come up...
Waiting for the bsp connection to come up...
Waiting for the bsp connection to come up...
Waiting for the bsp connection to come up...
Waiting for the bsp connection to come up...
Waiting for the bsp connection to come up...
Waiting for the bsp connection to come up...
Waiting for the bsp connection to come up...
Waiting for the bsp connection to come up...
Waiting for the bsp connection to come up...
Waiting for the bsp connection to come up...
Waiting for the bsp connection to come up...
error: Giving up on waiting for a connection, printing embedded bloop logs:
> No server running at 127.0.0.1:8212, let's fire one...
> Resolving ch.epfl.scala:bloop-frontend_2.12:1.4.0-RC1...
error: Trying a tcp-based connection to the server instead...
Opening a bsp server connection with 'bsp --protocol tcp --port 32275'...
Waiting for the bsp connection to come up...
Waiting for the bsp connection to come up...
Waiting for the bsp connection to come up...
Waiting for the bsp connection to come up...
Waiting for the bsp connection to come up...
No server running at 127.0.0.1:8212, let's fire one...
Resolving ch.epfl.scala:bloop-frontend_2.12:1.4.0-RC1...
Starting bloop server at 127.0.0.1:8212...
-> Command: List(java, -XX:MaxInlineLevel=20, -XX:+UseParallelGC, -classpath, /Users/mac/Library/Caches/Coursier/v1/https/repo1.maven.org/maven2/org/scala-lang/scala-library/2.12.10/scala-library-2.12.10.jar:/Users/mac/Library/Caches/Coursier/v1/https/repo1.maven.org/maven2/net/java/dev/jna/jna/4.5.2/jna-4.5.2.jar:/Users/mac/Library/Caches/Coursier/v1/https/repo1.maven.org/maven2/net/java/dev/jna/jna-platform/4.5.0/jna-platform-4.5.0.jar:/Users/mac/Library/Caches/Coursier/v1/https/repo1.maven.org/maven2/ch/epfl/scala/sockets/1.4.0-RC1/sockets-1.4.0-RC1.jar:/Users/mac/Library/Caches/Coursier/v1/https/repo1.maven.org/maven2/io/circe/circe-numbers_2.12/0.9.3/circe-numbers_2.12-0.9.3.jar:/Users/mac/Library/Caches/Coursier/v1/https/repo1.maven.org/maven2/org/scala-lang/scala-reflect/2.12.8/scala-reflect-2.12.8.jar:/Users/mac/Library/Caches/Coursier/v1/https/repo1.maven.org/maven2/org/typelevel/machinist_2.12/0.6.2/machinist_2.12-0.6.2.jar:/Users/mac/Library/Caches/Coursier/v1/https/repo1.maven.org/maven2/org/typelevel/cats-macros_2.12/1.1.0/cats-macros_2.12-1.1.0.jar:/Users/mac/Library/Caches/Coursier/v1/https/repo1.maven.org/maven2/org/typelevel/cats-kernel_2.12/1.1.0/cats-kernel_2.12-1.1.0.jar:/Users/mac/Library/Caches/Coursier/v1/https/repo1.maven.org/maven2/org/typelevel/cats-core_2.12/1.1.0/cats-core_2.12-1.1.0.jar:/Users/mac/Library/Caches/Coursier/v1/https/repo1.maven.org/maven2/io/circe/circe-core_2.12/0.9.3/circe-core_2.12-0.9.3.jar:/Users/mac/Library/Caches/Coursier/v1/https/repo1.maven.org/maven2/io/circe/circe-derivation_2.12/0.9.0-M4/circe-derivation_2.12-0.9.0-M4.jar:/Users/mac/Library/Caches/Coursier/v1/https/repo1.maven.org/maven2/com/outr/scribe-macros_2.12/2.5.0/scribe-macros_2.12-2.5.0.jar:/Users/mac/Library/Caches/Coursier/v1/https/repo1.maven.org/maven2/com/outr/perfolation-macros_2.12/1.0.2/perfolation-macros_2.12-1.0.2.jar:/Users/mac/Library/Caches/Coursier/v1/https/repo1.maven.org/maven2/com/outr/perfolation_2.12/1.0.2/perfolation_2.12-1.0.2.jar:/Users/mac/Library/Caches/Coursier/v1/https/repo1.maven.org/maven2/com/outr/scribe_2.12/2.5.0/scribe_2.12-2.5.0.jar:/Users/mac/Library/Caches/Coursier/v1/https/repo1.maven.org/maven2/org/spire-math/jawn-parser_2.12/0.11.1/jawn-parser_2.12-0.11.1.jar:/Users/mac/Library/Caches/Coursier/v1/https/repo1.maven.org/maven2/io/circe/circe-jawn_2.12/0.9.3/circe-jawn_2.12-0.9.3.jar:/Users/mac/Library/Caches/Coursier/v1/https/repo1.maven.org/maven2/io/circe/circe-parser_2.12/0.9.3/circe-parser_2.12-0.9.3.jar:/Users/mac/Library/Caches/Coursier/v1/https/repo1.maven.org/maven2/io/monix/monix-types_2.12/2.3.3/monix-types_2.12-2.3.3.jar:/Users/mac/Library/Caches/Coursier/v1/https/repo1.maven.org/maven2/org/reactivestreams/reactive-streams/1.0.0/reactive-streams-1.0.0.jar:/Users/mac/Library/Caches/Coursier/v1/https/repo1.maven.org/maven2/io/monix/monix-execution_2.12/2.3.3/monix-execution_2.12-2.3.3.jar:/Users/mac/Library/Caches/Coursier/v1/https/repo1.maven.org/maven2/io/monix/monix-eval_2.12/2.3.3/monix-eval_2.12-2.3.3.jar:/Users/mac/Library/Caches/Coursier/v1/https/repo1.maven.org/maven2/org/jctools/jctools-core/2.0.1/jctools-core-2.0.1.jar:/Users/mac/Library/Caches/Coursier/v1/https/repo1.maven.org/maven2/io/monix/monix-reactive_2.12/2.3.3/monix-reactive_2.12-2.3.3.jar:/Users/mac/Library/Caches/Coursier/v1/https/repo1.maven.org/maven2/io/monix/monix_2.12/2.3.3/monix_2.12-2.3.3.jar:/Users/mac/Library/Caches/Coursier/v1/https/repo1.maven.org/maven2/org/scalameta/jsonrpc_2.12/0.2.0/jsonrpc_2.12-0.2.0.jar:/Users/mac/Library/Caches/Coursier/v1/https/repo1.maven.org/maven2/com/beachape/enumeratum-macros_2.12/1.5.9/enumeratum-macros_2.12-1.5.9.jar:/Users/mac/Library/Caches/Coursier/v1/https/repo1.maven.org/maven2/com/beachape/enumeratum_2.12/1.5.13/enumeratum_2.12-1.5.13.jar:/Users/mac/Library/Caches/Coursier/v1/https/repo1.maven.org/maven2/com/beachape/enumeratum-circe_2.12/1.5.17/enumeratum-circe_2.12-1.5.17.jar:/Users/mac/Library/Caches/Coursier/v1/https/repo1.maven.org/maven2/org/scalameta/lsp4s_2.12/0.2.0/lsp4s_2.12-0.2.0.jar:/Users/mac/Library/Caches/Coursier/v1/https/repo1.maven.org/maven2/ch/epfl/scala/bsp4s_2.12/2.0.0-M4%2B10-61e61e87/bsp4s_2.12-2.0.0-M4%2B10-61e61e87.jar:/Users/mac/Library/Caches/Coursier/v1/https/repo1.maven.org/maven2/com/google/protobuf/protobuf-java/3.7.0/protobuf-java-3.7.0.jar:/Users/mac/Library/Caches/Coursier/v1/https/repo1.maven.org/maven2/org/scala-sbt/util-interface/1.2.2/util-interface-1.2.2.jar:/Users/mac/Library/Caches/Coursier/v1/https/repo1.maven.org/maven2/ch/epfl/scala/compiler-interface/1.3.0-M4%2B32-b1accb96/compiler-interface-1.3.0-M4%2B32-b1accb96.jar:/Users/mac/Library/Caches/Coursier/v1/https/repo1.maven.org/maven2/ch/epfl/scala/compiler-bridge_2.12/1.3.0-M4%2B32-b1accb96/compiler-bridge_2.12-1.3.0-M4%2B32-b1accb96.jar:/Users/mac/Library/Caches/Coursier/v1/https/repo1.maven.org/maven2/com/swoval/apple-file-events/1.3.2/apple-file-events-1.3.2.jar:/Users/mac/Library/Caches/Coursier/v1/https/repo1.maven.org/maven2/org/scala-sbt/io_2.12/1.2.0/io_2.12-1.2.0.jar:/Users/mac/Library/Caches/Coursier/v1/https/repo1.maven.org/maven2/com/eed3si9n/sjson-new-core_2.12/0.8.2/sjson-new-core_2.12-0.8.2.jar:/Users/mac/Library/Caches/Coursier/v1/https/repo1.maven.org/maven2/jline/jline/2.14.4/jline-2.14.4.jar:/Users/mac/Library/Caches/Coursier/v1/https/repo1.maven.org/maven2/org/apache/logging/log4j/log4j-api/2.8.1/log4j-api-2.8.1.jar:/Users/mac/Library/Caches/Coursier/v1/https/repo1.maven.org/maven2/org/apache/logging/log4j/log4j-core/2.8.1/log4j-core-2.8.1.jar:/Users/mac/Library/Caches/Coursier/v1/https/repo1.maven.org/maven2/com/lmax/disruptor/3.3.6/disruptor-3.3.6.jar:/Users/mac/Library/Caches/Coursier/v1/https/repo1.maven.org/maven2/com/eed3si9n/shaded-scalajson_2.12/1.0.0-M4/shaded-scalajson_2.12-1.0.0-M4.jar:/Users/mac/Library/Caches/Coursier/v1/https/repo1.maven.org/maven2/com/eed3si9n/sjson-new-scalajson_2.12/0.8.2/sjson-new-scalajson_2.12-0.8.2.jar:/Users/mac/Library/Caches/Coursier/v1/https/repo1.maven.org/maven2/org/scala-sbt/util-logging_2.12/1.2.2/util-logging_2.12-1.2.2.jar:/Users/mac/Library/Caches/Coursier/v1/https/repo1.maven.org/maven2/ch/epfl/scala/zinc-classfile_2.12/1.3.0-M4%2B32-b1accb96/zinc-classfile_2.12-1.3.0-M4%2B32-b1accb96.jar:/Users/mac/Library/Caches/Coursier/v1/https/repo1.maven.org/maven2/ch/epfl/scala/zinc-apiinfo_2.12/1.3.0-M4%2B32-b1accb96/zinc-apiinfo_2.12-1.3.0-M4%2B32-b1accb96.jar:/Users/mac/Library/Caches/Coursier/v1/https/repo1.maven.org/maven2/org/scala-lang/modules/scala-xml_2.12/1.2.0/scala-xml_2.12-1.2.0.jar:/Users/mac/Library/Caches/Coursier/v1/https/repo1.maven.org/maven2/org/scala-lang/scala-compiler/2.12.8/scala-compiler-2.12.8.jar:/Users/mac/Library/Caches/Coursier/v1/https/repo1.maven.org/maven2/org/scala-sbt/launcher-interface/1.0.0/launcher-interface-1.0.0.jar:/Users/mac/Library/Caches/Coursier/v1/https/repo1.maven.org/maven2/ch/epfl/scala/zinc-classpath_2.12/1.3.0-M4%2B32-b1accb96/zinc-classpath_2.12-1.3.0-M4%2B32-b1accb96.jar:/Users/mac/Library/Caches/Coursier/v1/https/repo1.maven.org/maven2/com/thesamet/scalapb/lenses_2.12/0.8.0-RC1/lenses_2.12-0.8.0-RC1.jar:/Users/mac/Library/Caches/Coursier/v1/https/repo1.maven.org/maven2/com/lihaoyi/sourcecode_2.12/0.1.4/sourcecode_2.12-0.1.4.jar:/Users/mac/Library/Caches/Coursier/v1/https/repo1.maven.org/maven2/com/lihaoyi/fastparse-utils_2.12/1.0.0/fastparse-utils_2.12-1.0.0.jar:/Users/mac/Library/Caches/Coursier/v1/https/repo1.maven.org/maven2/com/lihaoyi/fastparse_2.12/1.0.0/fastparse_2.12-1.0.0.jar:/Users/mac/Library/Caches/Coursier/v1/https/repo1.maven.org/maven2/com/thesamet/scalapb/scalapb-runtime_2.12/0.8.0-RC1/scalapb-runtime_2.12-0.8.0-RC1.jar:/Users/mac/Library/Caches/Coursier/v1/https/repo1.maven.org/maven2/org/scala-sbt/util-relation_2.12/1.2.2/util-relation_2.12-1.2.2.jar:/Users/mac/Library/Caches/Coursier/v1/https/repo1.maven.org/maven2/ch/epfl/scala/zinc-core_2.12/1.3.0-M4%2B32-b1accb96/zinc-core_2.12-1.3.0-M4%2B32-b1accb96.jar:/Users/mac/Library/Caches/Coursier/v1/https/repo1.maven.org/maven2/org/scala-sbt/sbinary_2.12/0.5.0/sbinary_2.12-0.5.0.jar:/Users/mac/Library/Caches/Coursier/v1/https/repo1.maven.org/maven2/ch/epfl/scala/zinc-persist_2.12/1.3.0-M4%2B32-b1accb96/zinc-persist_2.12-1.3.0-M4%2B32-b1accb96.jar:/Users/mac/Library/Caches/Coursier/v1/https/repo1.maven.org/maven2/org/scala-lang/modules/scala-parser-combinators_2.12/1.0.5/scala-parser-combinators_2.12-1.0.5.jar:/Users/mac/Library/Caches/Coursier/v1/https/repo1.maven.org/maven2/org/scala-sbt/util-control_2.12/1.2.2/util-control_2.12-1.2.2.jar:/Users/mac/Library/Caches/Coursier/v1/https/repo1.maven.org/maven2/ch/epfl/scala/zinc-compile-core_2.12/1.3.0-M4%2B32-b1accb96/zinc-compile-core_2.12-1.3.0-M4%2B32-b1accb96.jar:/Users/mac/Library/Caches/Coursier/v1/https/repo1.maven.org/maven2/ch/epfl/scala/zinc_2.12/1.3.0-M4%2B32-b1accb96/zinc_2.12-1.3.0-M4%2B32-b1accb96.jar:/Users/mac/Library/Caches/Coursier/v1/https/repo1.maven.org/maven2/net/jpountz/lz4/lz4/1.3.0/lz4-1.3.0.jar:/Users/mac/Library/Caches/Coursier/v1/https/repo1.maven.org/maven2/io/github/soc/directories/10/directories-10.jar:/Users/mac/Library/Caches/Coursier/v1/https/repo1.maven.org/maven2/org/scala-sbt/test-interface/1.0/test-interface-1.0.jar:/Users/mac/Library/Caches/Coursier/v1/https/repo1.maven.org/maven2/org/scala-sbt/test-agent/1.2.8/test-agent-1.2.8.jar:/Users/mac/Library/Caches/Coursier/v1/https/repo1.maven.org/maven2/ch/epfl/scala/bloop-shared_2.12/1.4.0-RC1/bloop-shared_2.12-1.4.0-RC1.jar:/Users/mac/Library/Caches/Coursier/v1/https/repo1.maven.org/maven2/com/googlecode/java-diff-utils/diffutils/1.3.0/diffutils-1.3.0.jar:/Users/mac/Library/Caches/Coursier/v1/https/repo1.maven.org/maven2/com/lihaoyi/fansi_2.12/0.2.5/fansi_2.12-0.2.5.jar:/Users/mac/Library/Caches/Coursier/v1/https/repo1.maven.org/maven2/com/lihaoyi/pprint_2.12/0.5.3/pprint_2.12-0.5.3.jar:/Users/mac/Library/Caches/Coursier/v1/https/repo1.maven.org/maven2/org/apache/commons/commons-lang3/3.6/commons-lang3-3.6.jar:/Users/mac/Library/Caches/Coursier/v1/https/repo1.maven.org/maven2/com/google/code/gson/gson/2.7/gson-2.7.jar:/Users/mac/Library/Caches/Coursier/v1/https/repo1.maven.org/maven2/io/reactivex/rxjava2/rxjava/2.1.1/rxjava-2.1.1.jar:/Users/mac/Library/Caches/Coursier/v1/https/repo1.maven.org/maven2/commons-io/commons-io/2.5/commons-io-2.5.jar:/Users/mac/Library/Caches/Coursier/v1/https/repo1.maven.org/maven2/ch/epfl/scala/com-microsoft-java-debug-core/0.21.0%2B1-7f1080f1/com-microsoft-java-debug-core-0.21.0%2B1-7f1080f1.jar:/Users/mac/Library/Caches/Coursier/v1/https/repo1.maven.org/maven2/org/slf4j/slf4j-api/1.7.26/slf4j-api-1.7.26.jar:/Users/mac/Library/Caches/Coursier/v1/https/repo1.maven.org/maven2/ch/epfl/scala/nailgun-server/ee3c4343/nailgun-server-ee3c4343.jar:/Users/mac/Library/Caches/Coursier/v1/https/repo1.maven.org/maven2/org/scalaz/scalaz-core_2.12/7.2.20/scalaz-core_2.12-7.2.20.jar:/Users/mac/Library/Caches/Coursier/v1/https/repo1.maven.org/maven2/org/scalaz/scalaz-effect_2.12/7.2.20/scalaz-effect_2.12-7.2.20.jar:/Users/mac/Library/Caches/Coursier/v1/https/repo1.maven.org/maven2/org/scalaz/scalaz-concurrent_2.12/7.2.20/scalaz-concurrent_2.12-7.2.20.jar:/Users/mac/Library/Caches/Coursier/v1/https/repo1.maven.org/maven2/io/get-coursier/coursier-util_2.12/2.0.0-RC3-4/coursier-util_2.12-2.0.0-RC3-4.jar:/Users/mac/Library/Caches/Coursier/v1/https/repo1.maven.org/maven2/io/get-coursier/coursier-core_2.12/2.0.0-RC3-4/coursier-core_2.12-2.0.0-RC3-4.jar:/Users/mac/Library/Caches/Coursier/v1/https/repo1.maven.org/maven2/io/get-coursier/coursier-cache_2.12/2.0.0-RC3-4/coursier-cache_2.12-2.0.0-RC3-4.jar:/Users/mac/Library/Caches/Coursier/v1/https/repo1.maven.org/maven2/io/argonaut/argonaut_2.12/6.2.3/argonaut_2.12-6.2.3.jar:/Users/mac/Library/Caches/Coursier/v1/https/repo1.maven.org/maven2/org/typelevel/macro-compat_2.12/1.1.1/macro-compat_2.12-1.1.1.jar:/Users/mac/Library/Caches/Coursier/v1/https/repo1.maven.org/maven2/com/chuusai/shapeless_2.12/2.3.3/shapeless_2.12-2.3.3.jar:/Users/mac/Library/Caches/Coursier/v1/https/repo1.maven.org/maven2/com/github/alexarchambault/argonaut-shapeless_6.2_2.12/1.2.0-M11/argonaut-shapeless_6.2_2.12-1.2.0-M11.jar:/Users/mac/Library/Caches/Coursier/v1/https/repo1.maven.org/maven2/io/get-coursier/coursier_2.12/2.0.0-RC3-4/coursier_2.12-2.0.0-RC3-4.jar:/Users/mac/Library/Caches/Coursier/v1/https/repo1.maven.org/maven2/com/jcraft/jsch/0.1.46/jsch-0.1.46.jar:/Users/mac/Library/Caches/Coursier/v1/https/repo1.maven.org/maven2/com/typesafe/config/1.2.0/config-1.2.0.jar:/Users/mac/Library/Caches/Coursier/v1/https/repo1.maven.org/maven2/com/typesafe/ssl-config-core_2.12/0.2.2/ssl-config-core_2.12-0.2.2.jar:/Users/mac/Library/Caches/Coursier/v1/https/repo1.maven.org/maven2/com/eed3si9n/gigahorse-core_2.12/0.3.0/gigahorse-core_2.12-0.3.0.jar:/Users/mac/Library/Caches/Coursier/v1/https/repo1.maven.org/maven2/com/squareup/okio/okio/1.12.0/okio-1.12.0.jar:/Users/mac/Library/Caches/Coursier/v1/https/repo1.maven.org/maven2/com/squareup/okhttp3/okhttp/3.7.0/okhttp-3.7.0.jar:/Users/mac/Library/Caches/Coursier/v1/https/repo1.maven.org/maven2/com/eed3si9n/gigahorse-okhttp_2.12/0.3.0/gigahorse-okhttp_2.12-0.3.0.jar:/Users/mac/Library/Caches/Coursier/v1/https/repo1.maven.org/maven2/com/squareup/okhttp3/okhttp-urlconnection/3.7.0/okhttp-urlconnection-3.7.0.jar:/Users/mac/Library/Caches/Coursier/v1/https/repo1.maven.org/maven2/org/scala-sbt/util-position_2.12/1.0.0/util-position_2.12-1.0.0.jar:/Users/mac/Library/Caches/Coursier/v1/https/repo1.maven.org/maven2/com/eed3si9n/sjson-new-murmurhash_2.12/0.8.0/sjson-new-murmurhash_2.12-0.8.0.jar:/Users/mac/Library/Caches/Coursier/v1/https/repo1.maven.org/maven2/org/scala-sbt/util-cache_2.12/1.0.0/util-cache_2.12-1.0.0.jar:/Users/mac/Library/Caches/Coursier/v1/https/repo1.maven.org/maven2/org/scala-sbt/librarymanagement-core_2.12/1.0.0/librarymanagement-core_2.12-1.0.0.jar:/Users/mac/Library/Caches/Coursier/v1/https/repo1.maven.org/maven2/org/scala-sbt/ivy/ivy/2.3.0-sbt-a3314352b638afbf0dca19f127e8263ed6f898bd/ivy-2.3.0-sbt-a3314352b638afbf0dca19f127e8263ed6f898bd.jar:/Users/mac/Library/Caches/Coursier/v1/https/repo1.maven.org/maven2/org/scala-sbt/librarymanagement-ivy_2.12/1.0.0/librarymanagement-ivy_2.12-1.0.0.jar:/Users/mac/Library/Caches/Coursier/v1/https/repo1.maven.org/maven2/ch/epfl/scala/directory-watcher/0.8.0%2B6-f651bd93/directory-watcher-0.8.0%2B6-f651bd93.jar:/Users/mac/Library/Caches/Coursier/v1/https/repo1.maven.org/maven2/org/zeroturnaround/zt-zip/1.13/zt-zip-1.13.jar:/Users/mac/Library/Caches/Coursier/v1/https/repo1.maven.org/maven2/io/zipkin/zipkin2/zipkin/2.12.1/zipkin-2.12.1.jar:/Users/mac/Library/Caches/Coursier/v1/https/repo1.maven.org/maven2/io/zipkin/reporter2/zipkin-reporter/2.7.15/zipkin-reporter-2.7.15.jar:/Users/mac/Library/Caches/Coursier/v1/https/repo1.maven.org/maven2/io/zipkin/brave/brave/5.6.1/brave-5.6.1.jar:/Users/mac/Library/Caches/Coursier/v1/https/repo1.maven.org/maven2/io/zipkin/reporter2/zipkin-sender-urlconnection/2.7.15/zipkin-sender-urlconnection-2.7.15.jar:/Users/mac/Library/Caches/Coursier/v1/https/repo1.maven.org/maven2/org/ow2/asm/asm/7.0/asm-7.0.jar:/Users/mac/Library/Caches/Coursier/v1/https/repo1.maven.org/maven2/org/ow2/asm/asm-tree/7.0/asm-tree-7.0.jar:/Users/mac/Library/Caches/Coursier/v1/https/repo1.maven.org/maven2/org/ow2/asm/asm-analysis/7.0/asm-analysis-7.0.jar:/Users/mac/Library/Caches/Coursier/v1/https/repo1.maven.org/maven2/org/ow2/asm/asm-util/7.0/asm-util-7.0.jar:/Users/mac/Library/Caches/Coursier/v1/https/repo1.maven.org/maven2/ch/epfl/scala/bloop-backend_2.12/1.4.0-RC1/bloop-backend_2.12-1.4.0-RC1.jar:/Users/mac/Library/Caches/Coursier/v1/https/repo1.maven.org/maven2/com/github/plokhotnyuk/jsoniter-scala/jsoniter-scala-core_2.12/2.0.4/jsoniter-scala-core_2.12-2.0.4.jar:/Users/mac/Library/Caches/Coursier/v1/https/repo1.maven.org/maven2/ch/epfl/scala/bloop-config_2.12/1.4.0-RC1/bloop-config_2.12-1.4.0-RC1.jar:/Users/mac/Library/Caches/Coursier/v1/https/repo1.maven.org/maven2/ch/epfl/scala/case-app-annotations_2.12/1.2.0-faster-compile-time/case-app-annotations_2.12-1.2.0-faster-compile-time.jar:/Users/mac/Library/Caches/Coursier/v1/https/repo1.maven.org/maven2/ch/epfl/scala/case-app-util_2.12/1.2.0-faster-compile-time/case-app-util_2.12-1.2.0-faster-compile-time.jar:/Users/mac/Library/Caches/Coursier/v1/https/repo1.maven.org/maven2/ch/epfl/scala/case-app_2.12/1.2.0-faster-compile-time/case-app_2.12-1.2.0-faster-compile-time.jar:/Users/mac/Library/Caches/Coursier/v1/https/repo1.maven.org/maven2/com/zaxxer/nuprocess/1.2.4/nuprocess-1.2.4.jar:/Users/mac/Library/Caches/Coursier/v1/https/repo1.maven.org/maven2/ch/epfl/scala/bloop-frontend_2.12/1.4.0-RC1/bloop-frontend_2.12-1.4.0-RC1.jar, bloop.Server, 8212)
Attempting a connection to the server...
Attempting a connection to the server...
Attempting a connection to the server...
Attempting a connection to the server...
Attempting a connection to the server...
Attempting a connection to the server...
Attempting a connection to the server...
Attempting a connection to the server...
Attempting a connection to the server...
Attempting a connection to the server...
Attempting a connection to the server...
Attempting a connection to the server...
Attempting a connection to the server...
[0m[32m[D][0m Loading 2 projects from '/Users/mac/Documents/Code/scala_programming/scala-web-project/.bloop'...
[0m[32m[D][0m Loading project from '/Users/mac/Documents/Code/scala_programming/scala-web-project/.bloop/root.json'
[0m[32m[D][0m Loading project from '/Users/mac/Documents/Code/scala_programming/scala-web-project/.bloop/root-test.json'
[0m[32m[D][0m Missing analysis file for project 'root'
[0m[32m[D][0m Missing analysis file for project 'root-test'
[0m[32m[D][0m Waiting for a connection at 127.0.0.1:32275...
The server is listening for incoming connections at tcp://127.0.0.1:32275...
Starting thread that pumps stdin and redirects it to the bsp server...
Starting thread that pumps server stdout and redirects it to the client stdout...
INFO  tracing is disabled for protocol BSP, to enable tracing of incoming and outgoing JSON messages create an empty file at /Users/mac/Library/Caches/org.scalameta.metals/bsp.trace.json
ERROR Timeout waiting for 'build/initialize' response
ERROR Failed to connect with build server, no functionality will work.
java.util.concurrent.TimeoutException
	at java.util.concurrent.CompletableFuture.timedGet(CompletableFuture.java:1771)
	at java.util.concurrent.CompletableFuture.get(CompletableFuture.java:1915)
	at scala.meta.internal.metals.BuildServerConnection$.initialize(BuildServerConnection.scala:259)
	at scala.meta.internal.metals.BuildServerConnection$.$anonfun$fromSockets$1(BuildServerConnection.scala:203)
	at scala.util.Success.$anonfun$map$1(Try.scala:255)
	at scala.util.Success.map(Try.scala:213)
	at scala.concurrent.Future.$anonfun$map$1(Future.scala:292)
	at scala.concurrent.impl.Promise.liftedTree1$1(Promise.scala:33)
	at scala.concurrent.impl.Promise.$anonfun$transform$1(Promise.scala:33)
	at scala.concurrent.impl.CallbackRunnable.run(Promise.scala:64)
	at java.util.concurrent.ThreadPoolExecutor.runWorker(ThreadPoolExecutor.java:1149)
	at java.util.concurrent.ThreadPoolExecutor$Worker.run(ThreadPoolExecutor.java:624)
	at java.lang.Thread.run(Thread.java:748)

WARN  no build target for: /Users/mac/Documents/Code/scala_programming/scala-web-project/app/controllers/Application.scala
WARN  code navigation does not work for the file '/Users/mac/Documents/Code/scala_programming/scala-web-project/app/controllers/Application.scala' because it doesn't belong to a build target.
WARN  code navigation does not work for the file '/Users/mac/Documents/Code/scala_programming/scala-web-project/app/controllers/Application.scala' because it doesn't belong to a build target.
WARN  code navigation does not work for the file '/Users/mac/Documents/Code/scala_programming/scala-web-project/app/controllers/Application.scala' because it doesn't belong to a build target.
WARN  code navigation does not work for the file '/Users/mac/Documents/Code/scala_programming/scala-web-project/app/controllers/Application.scala' because it doesn't belong to a build target.
WARN  code navigation does not work for the file '/Users/mac/Documents/Code/scala_programming/scala-web-project/app/controllers/Application.scala' because it doesn't belong to a build target.
WARN  code navigation does not work for the file '/Users/mac/Documents/Code/scala_programming/scala-web-project/app/controllers/Application.scala' because it doesn't belong to a build target.
WARN  code navigation does not work for the file '/Users/mac/Documents/Code/scala_programming/scala-web-project/app/controllers/Application.scala' because it doesn't belong to a build target.
WARN  code navigation does not work for the file '/Users/mac/Documents/Code/scala_programming/scala-web-project/app/controllers/Application.scala' because it doesn't belong to a build target.
WARN  no build target for: /Users/mac/Documents/Code/scala_programming/scala-web-project/app/model/SunInfo.scala
WARN  no build target for: /Users/mac/Documents/Code/scala_programming/scala-web-project/app/model/SunInfo.scala
WARN  no build target for: /Users/mac/Documents/Code/scala_programming/scala-web-project/app/controllers/Application.scala
WARN  no build target for: /Users/mac/Documents/Code/scala_programming/scala-web-project/app/controllers/Application.scala
WARN  no build target for: /Users/mac/Documents/Code/scala_programming/scala-web-project/app/controllers/Application.scala
WARN  no build target for: /Users/mac/Documents/Code/scala_programming/scala-web-project/app/controllers/Application.scala
WARN  no build target for: /Users/mac/Documents/Code/scala_programming/scala-web-project/app/controllers/Application.scala
WARN  no build target for: /Users/mac/Documents/Code/scala_programming/scala-web-project/app/controllers/Application.scala
Mar 05, 2020 11:18:58 PM org.eclipse.lsp4j.jsonrpc.RemoteEndpoint handleCancellation
WARNING: Unmatched cancel notification for request id 267
WARN  no build target for: /Users/mac/Documents/Code/scala_programming/scala-web-project/app/controllers/Application.scala
WARN  no build target for: /Users/mac/Documents/Code/scala_programming/scala-web-project/app/controllers/Application.scala
Mar 05, 2020 11:21:03 PM org.eclipse.lsp4j.jsonrpc.RemoteEndpoint handleCancellation
WARNING: Unmatched cancel notification for request id 671
WARN  code navigation does not work for the file '/Users/mac/Documents/Code/scala_programming/scala-web-project/app/controllers/Application.scala' because it doesn't belong to a build target.
WARN  code navigation does not work for the file '/Users/mac/Documents/Code/scala_programming/scala-web-project/app/controllers/Application.scala' because it doesn't belong to a build target.
WARN  code navigation does not work for the file '/Users/mac/Documents/Code/scala_programming/scala-web-project/app/controllers/Application.scala' because it doesn't belong to a build target.
WARN  code navigation does not work for the file '/Users/mac/Documents/Code/scala_programming/scala-web-project/app/controllers/Application.scala' because it doesn't belong to a build target.
WARN  no build target for: /Users/mac/Documents/Code/scala_programming/scala-web-project/app/controllers/Application.scala
WARN  no build target for: /Users/mac/Documents/Code/scala_programming/scala-web-project/app/controllers/Application.scala
WARN  no build target for: /Users/mac/Documents/Code/scala_programming/scala-web-project/app/controllers/Application.scala
WARN  no build target for: /Users/mac/Documents/Code/scala_programming/scala-web-project/app/controllers/Application.scala
WARN  no build target for: /Users/mac/Documents/Code/scala_programming/scala-web-project/app/controllers/Application.scala
WARN  no build target for: /Users/mac/Documents/Code/scala_programming/scala-web-project/app/controllers/Application.scala
WARN  code navigation does not work for the file '/Users/mac/Documents/Code/scala_programming/scala-web-project/app/controllers/Application.scala' because it doesn't belong to a build target.
WARN  code navigation does not work for the file '/Users/mac/Documents/Code/scala_programming/scala-web-project/app/controllers/Application.scala' because it doesn't belong to a build target.
WARN  no build target for: /Users/mac/Documents/Code/scala_programming/scala-web-project/app/controllers/Application.scala
WARN  no build target for: /Users/mac/Documents/Code/scala_programming/scala-web-project/app/controllers/Application.scala
WARN  no build target for: /Users/mac/Documents/Code/scala_programming/scala-web-project/app/controllers/Application.scala
WARN  code navigation does not work for the file '/Users/mac/Documents/Code/scala_programming/scala-web-project/app/controllers/Application.scala' because it doesn't belong to a build target.
WARN  code navigation does not work for the file '/Users/mac/Documents/Code/scala_programming/scala-web-project/app/controllers/Application.scala' because it doesn't belong to a build target.
WARN  no build target for: /Users/mac/Documents/Code/scala_programming/scala-web-project/app/controllers/Application.scala
WARN  no build target for: /Users/mac/Documents/Code/scala_programming/scala-web-project/app/controllers/Application.scala
WARN  no build target for: /Users/mac/Documents/Code/scala_programming/scala-web-project/app/services/WeatherService.scala
WARN  code navigation does not work for the file '/Users/mac/Documents/Code/scala_programming/scala-web-project/app/controllers/Application.scala' because it doesn't belong to a build target.
WARN  code navigation does not work for the file '/Users/mac/Documents/Code/scala_programming/scala-web-project/app/controllers/Application.scala' because it doesn't belong to a build target.
WARN  no build target for: /Users/mac/Documents/Code/scala_programming/scala-web-project/app/controllers/Application.scala
WARN  no build target for: /Users/mac/Documents/Code/scala_programming/scala-web-project/app/services/WeatherService.scala
Mar 05, 2020 11:33:52 PM org.eclipse.lsp4j.jsonrpc.RemoteEndpoint handleCancellation
WARNING: Unmatched cancel notification for request id 1689
WARN  no build target for: /Users/mac/Documents/Code/scala_programming/scala-web-project/app/services/WeatherService.scala
WARN  code navigation does not work for the file '/Users/mac/Documents/Code/scala_programming/scala-web-project/app/services/WeatherService.scala' because it doesn't belong to a build target.
WARN  code navigation does not work for the file '/Users/mac/Documents/Code/scala_programming/scala-web-project/app/services/WeatherService.scala' because it doesn't belong to a build target.
WARN  code navigation does not work for the file '/Users/mac/Documents/Code/scala_programming/scala-web-project/app/services/WeatherService.scala' because it doesn't belong to a build target.
WARN  code navigation does not work for the file '/Users/mac/Documents/Code/scala_programming/scala-web-project/app/services/WeatherService.scala' because it doesn't belong to a build target.
WARN  code navigation does not work for the file '/Users/mac/Documents/Code/scala_programming/scala-web-project/app/services/WeatherService.scala' because it doesn't belong to a build target.
WARN  code navigation does not work for the file '/Users/mac/Documents/Code/scala_programming/scala-web-project/app/services/WeatherService.scala' because it doesn't belong to a build target.
WARN  no build target for: /Users/mac/Documents/Code/scala_programming/scala-web-project/app/controllers/Application.scala
WARN  code navigation does not work for the file '/Users/mac/Documents/Code/scala_programming/scala-web-project/app/services/WeatherService.scala' because it doesn't belong to a build target.
WARN  code navigation does not work for the file '/Users/mac/Documents/Code/scala_programming/scala-web-project/app/services/WeatherService.scala' because it doesn't belong to a build target.
WARN  no build target for: /Users/mac/Documents/Code/scala_programming/scala-web-project/app/services/WeatherService.scala
WARN  no build target for: /Users/mac/Documents/Code/scala_programming/scala-web-project/app/controllers/Application.scala
WARN  no build target for: /Users/mac/Documents/Code/scala_programming/scala-web-project/app/services/WeatherService.scala
WARN  code navigation does not work for the file '/Users/mac/Documents/Code/scala_programming/scala-web-project/app/services/WeatherService.scala' because it doesn't belong to a build target.
WARN  code navigation does not work for the file '/Users/mac/Documents/Code/scala_programming/scala-web-project/app/services/WeatherService.scala' because it doesn't belong to a build target.
WARN  no build target for: /Users/mac/Documents/Code/scala_programming/scala-web-project/app/services/SunService.scala
WARN  no build target for: /Users/mac/Documents/Code/scala_programming/scala-web-project/app/services/WeatherService.scala
WARN  no build target for: /Users/mac/Documents/Code/scala_programming/scala-web-project/app/controllers/Application.scala
WARN  no build target for: /Users/mac/Documents/Code/scala_programming/scala-web-project/app/services/SunService.scala
WARN  no build target for: /Users/mac/Documents/Code/scala_programming/scala-web-project/app/services/SunService.scala
WARN  no build target for: /Users/mac/Documents/Code/scala_programming/scala-web-project/app/services/SunService.scala
WARN  no build target for: /Users/mac/Documents/Code/scala_programming/scala-web-project/app/controllers/Application.scala
WARN  no build target for: /Users/mac/Documents/Code/scala_programming/scala-web-project/app/services/SunService.scala
WARN  code navigation does not work for the file '/Users/mac/Documents/Code/scala_programming/scala-web-project/app/services/WeatherService.scala' because it doesn't belong to a build target.
WARN  code navigation does not work for the file '/Users/mac/Documents/Code/scala_programming/scala-web-project/app/services/WeatherService.scala' because it doesn't belong to a build target.
WARN  no build target for: /Users/mac/Documents/Code/scala_programming/scala-web-project/app/services/WeatherService.scala
WARN  no build target for: /Users/mac/Documents/Code/scala_programming/scala-web-project/app/services/SunService.scala
WARN  code navigation does not work for the file '/Users/mac/Documents/Code/scala_programming/scala-web-project/app/services/SunService.scala' because it doesn't belong to a build target.
WARN  code navigation does not work for the file '/Users/mac/Documents/Code/scala_programming/scala-web-project/app/services/SunService.scala' because it doesn't belong to a build target.
WARN  no build target for: /Users/mac/Documents/Code/scala_programming/scala-web-project/app/controllers/Application.scala
WARN  no build target for: /Users/mac/Documents/Code/scala_programming/scala-web-project/app/services/SunService.scala
WARN  code navigation does not work for the file '/Users/mac/Documents/Code/scala_programming/scala-web-project/app/services/SunService.scala' because it doesn't belong to a build target.
WARN  code navigation does not work for the file '/Users/mac/Documents/Code/scala_programming/scala-web-project/app/services/SunService.scala' because it doesn't belong to a build target.
WARN  code navigation does not work for the file '/Users/mac/Documents/Code/scala_programming/scala-web-project/app/services/SunService.scala' because it doesn't belong to a build target.
WARN  code navigation does not work for the file '/Users/mac/Documents/Code/scala_programming/scala-web-project/app/services/SunService.scala' because it doesn't belong to a build target.
WARN  no build target for: /Users/mac/Documents/Code/scala_programming/scala-web-project/app/services/SunService.scala
WARN  no build target for: /Users/mac/Documents/Code/scala_programming/scala-web-project/app/services/WeatherService.scala
WARN  no build target for: /Users/mac/Documents/Code/scala_programming/scala-web-project/app/services/WeatherService.scala
INFO  shutting down Metals
INFO  started: Metals version 0.8.0 in workspace '/Users/mac/Documents/Code/scala_programming/scala-web-project'
INFO  time: initialize in 0.75s
Starting the bsp launcher for bloop...
Opening a bsp server connection with 'bsp --protocol local --socket /var/folders/3q/5zmjcyhj375b950wqz17066m0000gn/T/bsp-launcher890011172100440827/bsp.socket'...
Waiting for the bsp connection to come up...
INFO  skipping build import with status 'Installed'
[0m[32m[D][0m Loading workspace settings from bloop.settings.json
[0m[32m[D][0m Waiting for a connection at local:///var/folders/3q/5zmjcyhj375b950wqz17066m0000gn/T/bsp-launcher890011172100440827/bsp.socket...
The server is listening for incoming connections at local:///var/folders/3q/5zmjcyhj375b950wqz17066m0000gn/T/bsp-launcher890011172100440827/bsp.socket...
Starting thread that pumps stdin and redirects it to the bsp server...
Starting thread that pumps server stdout and redirects it to the client stdout...
INFO  tracing is disabled for protocol BSP, to enable tracing of incoming and outgoing JSON messages create an empty file at /Users/mac/Library/Caches/org.scalameta.metals/bsp.trace.json
INFO  time: connected to build server in 0.69s
INFO  Connected to Build server v1.4.0-RC1
INFO  time: imported build in 0.35s
INFO  compiling root (9 scala sources and 1 java source)
INFO  time: indexed workspace in 15s
INFO  Deduplicating compilation of root from bsp client 'Metals 0.8.0' (since 15.527s)
INFO  compiling root (9 scala sources and 1 java source)
Mar 06, 2020 9:30:17 AM org.eclipse.lsp4j.jsonrpc.RemoteEndpoint handleCancellation
WARNING: Unmatched cancel notification for request id 30
INFO  time: compiled root in 19s
INFO  compiling root (9 scala sources and 1 java source)
INFO  time: compiled root in 0.89s
Mar 06, 2020 9:45:41 AM scala.meta.internal.pc.CompilerAccess retryWithCleanCompiler
INFO: compiler crashed due to an error in the Scala compiler, retrying with new compiler instance.
Mar 06, 2020 9:45:42 AM scala.meta.internal.pc.CompilerAccess handleError
SEVERE: 
  bad constant pool tag 19 at byte 54
     while compiling: file:///Users/mac/Documents/Code/scala_programming/scala-web-project/app/services/SunService.scala
        during phase: globalPhase=<no phase>, enteringPhase=parser
     library version: version 2.12.8
    compiler version: version 2.12.8
  reconstructed args: -encoding utf8 -deprecation -classpath /Users/mac/Documents/Code/scala_programming/scala-web-project/.bloop/root/bloop-bsp-clients-classes/classes-Metals-Slow7H9kRLqZvmn_NhmOrg==:/Users/mac/.ivy2/cache/org.scala-lang/scala-library/jars/scala-library-2.12.8.jar:/Users/mac/.ivy2/cache/com.typesafe.play/twirl-api_2.12/jars/twirl-api_2.12-1.4.0.jar:/Users/mac/.ivy2/cache/org.scala-lang.modules/scala-xml_2.12/bundles/scala-xml_2.12-1.1.0.jar:/Users/mac/.ivy2/cache/com.typesafe.play/play-server_2.12/jars/play-server_2.12-2.7.0.jar:/Users/mac/.ivy2/cache/com.typesafe.play/play_2.12/jars/play_2.12-2.7.0.jar:/Users/mac/.ivy2/cache/com.typesafe.play/build-link/jars/build-link-2.7.0.jar:/Users/mac/.ivy2/cache/com.typesafe.play/play-exceptions/jars/play-exceptions-2.7.0.jar:/Users/mac/.ivy2/cache/com.typesafe.play/play-streams_2.12/jars/play-streams_2.12-2.7.0.jar:/Users/mac/.ivy2/cache/org.reactivestreams/reactive-streams/jars/reactive-streams-1.0.2.jar:/Users/mac/.ivy2/cache/com.typesafe.akka/akka-stream_2.12/jars/akka-stream_2.12-2.5.19.jar:/Users/mac/.ivy2/cache/com.typesafe.akka/akka-actor_2.12/jars/akka-actor_2.12-2.5.19.jar:/Users/mac/.ivy2/cache/com.typesafe/config/bundles/config-1.3.3.jar:/Users/mac/.ivy2/cache/org.scala-lang.modules/scala-java8-compat_2.12/jars/scala-java8-compat_2.12-0.9.0.jar:/Users/mac/.ivy2/cache/com.typesafe.akka/akka-protobuf_2.12/jars/akka-protobuf_2.12-2.5.19.jar:/Users/mac/.ivy2/cache/com.typesafe/ssl-config-core_2.12/bundles/ssl-config-core_2.12-0.3.7.jar:/Users/mac/.ivy2/cache/org.scala-lang.modules/scala-parser-combinators_2.12/bundles/scala-parser-combinators_2.12-1.1.1.jar:/Users/mac/.ivy2/cache/org.slf4j/slf4j-api/jars/slf4j-api-1.7.25.jar:/Users/mac/.ivy2/cache/org.slf4j/jul-to-slf4j/jars/jul-to-slf4j-1.7.25.jar:/Users/mac/.ivy2/cache/org.slf4j/jcl-over-slf4j/jars/jcl-over-slf4j-1.7.25.jar:/Users/mac/.ivy2/cache/com.typesafe.akka/akka-slf4j_2.12/jars/akka-slf4j_2.12-2.5.19.jar:/Users/mac/.ivy2/cache/com.fasterxml.jackson.core/jackson-core/bundles/jackson-core-2.9.8.jar:/Users/mac/.ivy2/cache/com.fasterxml.jackson.core/jackson-annotations/bundles/jackson-annotations-2.9.8.jar:/Users/mac/.ivy2/cache/com.fasterxml.jackson.core/jackson-databind/bundles/jackson-databind-2.9.8.jar:/Users/mac/.ivy2/cache/com.fasterxml.jackson.datatype/jackson-datatype-jdk8/bundles/jackson-datatype-jdk8-2.9.8.jar:/Users/mac/.ivy2/cache/com.fasterxml.jackson.datatype/jackson-datatype-jsr310/bundles/jackson-datatype-jsr310-2.9.8.jar:/Users/mac/.ivy2/cache/com.typesafe.play/play-json_2.12/jars/play-json_2.12-2.7.0.jar:/Users/mac/.ivy2/cache/com.typesafe.play/play-functional_2.12/jars/play-functional_2.12-2.7.0.jar:/Users/mac/.ivy2/cache/org.scala-lang/scala-reflect/jars/scala-reflect-2.12.8.jar:/Users/mac/.ivy2/cache/org.typelevel/macro-compat_2.12/jars/macro-compat_2.12-1.1.1.jar:/Users/mac/.ivy2/cache/org.scala-lang.modules/scala-collection-compat_2.12/bundles/scala-collection-compat_2.12-0.1.1.jar:/Users/mac/.ivy2/cache/joda-time/joda-time/jars/joda-time-2.10.1.jar:/Users/mac/.ivy2/cache/com.google.guava/guava/bundles/guava-27.0-jre.jar:/Users/mac/.ivy2/cache/com.google.guava/failureaccess/jars/failureaccess-1.0.jar:/Users/mac/.ivy2/cache/com.google.guava/listenablefuture/jars/listenablefuture-9999.0-empty-to-avoid-conflict-with-guava.jar:/Users/mac/.ivy2/cache/com.google.code.findbugs/jsr305/jars/jsr305-3.0.2.jar:/Users/mac/.ivy2/cache/org.checkerframework/checker-qual/jars/checker-qual-2.5.2.jar:/Users/mac/.ivy2/cache/com.google.errorprone/error_prone_annotations/jars/error_prone_annotations-2.2.0.jar:/Users/mac/.ivy2/cache/com.google.j2objc/j2objc-annotations/jars/j2objc-annotations-1.1.jar:/Users/mac/.ivy2/cache/org.codehaus.mojo/animal-sniffer-annotations/jars/animal-sniffer-annotations-1.17.jar:/Users/mac/.ivy2/cache/io.jsonwebtoken/jjwt/jars/jjwt-0.9.1.jar:/Users/mac/.ivy2/cache/javax.xml.bind/jaxb-api/jars/jaxb-api-2.3.1.jar:/Users/mac/.ivy2/cache/javax.activation/javax.activation-api/jars/javax.activation-api-1.2.0.jar:/Users/mac/.ivy2/cache/javax.transaction/jta/jars/jta-1.1.jar:/Users/mac/.ivy2/cache/javax.inject/javax.inject/jars/javax.inject-1.jar:/Users/mac/.ivy2/cache/com.typesafe.play/play-logback_2.12/jars/play-logback_2.12-2.7.0.jar:/Users/mac/.ivy2/cache/ch.qos.logback/logback-classic/jars/logback-classic-1.2.3.jar:/Users/mac/.ivy2/cache/ch.qos.logback/logback-core/jars/logback-core-1.2.3.jar:/Users/mac/.ivy2/cache/com.typesafe.play/play-akka-http-server_2.12/jars/play-akka-http-server_2.12-2.7.0.jar:/Users/mac/.ivy2/cache/com.typesafe.akka/akka-http-core_2.12/jars/akka-http-core_2.12-10.1.7.jar:/Users/mac/.ivy2/cache/com.typesafe.akka/akka-parsing_2.12/jars/akka-parsing_2.12-10.1.7.jar:/Users/mac/.ivy2/cache/com.typesafe.play/filters-helpers_2.12/jars/filters-helpers_2.12-2.7.0.jar:/Users/mac/.ivy2/cache/com.typesafe.play/play-jdbc_2.12/jars/play-jdbc_2.12-2.7.0.jar:/Users/mac/.ivy2/cache/com.typesafe.play/play-jdbc-api_2.12/jars/play-jdbc-api_2.12-2.7.0.jar:/Users/mac/.ivy2/cache/com.zaxxer/HikariCP/bundles/HikariCP-3.3.0.jar:/Users/mac/.ivy2/cache/com.googlecode.usc/jdbcdslog/jars/jdbcdslog-1.0.6.2.jar:/Users/mac/.ivy2/cache/tyrex/tyrex/jars/tyrex-1.0.1.jar:/Users/mac/.ivy2/cache/com.typesafe.play/play-caffeine-cache_2.12/jars/play-caffeine-cache_2.12-2.7.0.jar:/Users/mac/.ivy2/cache/com.typesafe.play/play-cache_2.12/jars/play-cache_2.12-2.7.0.jar:/Users/mac/.ivy2/cache/com.github.ben-manes.caffeine/caffeine/jars/caffeine-2.6.2.jar:/Users/mac/.ivy2/cache/com.github.ben-manes.caffeine/jcache/jars/jcache-2.6.2.jar:/Users/mac/.ivy2/cache/javax.cache/cache-api/jars/cache-api-1.0.0.jar:/Users/mac/.ivy2/cache/com.typesafe.play/play-ahc-ws_2.12/jars/play-ahc-ws_2.12-2.7.0.jar:/Users/mac/.ivy2/cache/com.typesafe.play/play-ws_2.12/jars/play-ws_2.12-2.7.0.jar:/Users/mac/.ivy2/cache/com.typesafe.play/play-ws-standalone_2.12/jars/play-ws-standalone_2.12-2.0.1.jar:/Users/mac/.ivy2/cache/com.typesafe.play/play-ws-standalone-xml_2.12/jars/play-ws-standalone-xml_2.12-2.0.1.jar:/Users/mac/.ivy2/cache/com.typesafe.play/play-ws-standalone-json_2.12/jars/play-ws-standalone-json_2.12-2.0.1.jar:/Users/mac/.ivy2/cache/com.typesafe.play/play-ahc-ws-standalone_2.12/jars/play-ahc-ws-standalone_2.12-2.0.1.jar:/Users/mac/.ivy2/cache/com.typesafe.play/cachecontrol_2.12/jars/cachecontrol_2.12-1.1.5.jar:/Users/mac/.ivy2/cache/org.joda/joda-convert/jars/joda-convert-1.9.2.jar:/Users/mac/.ivy2/cache/com.typesafe.play/shaded-asynchttpclient/jars/shaded-asynchttpclient-2.0.1.jar:/Users/mac/.ivy2/cache/com.typesafe.play/shaded-oauth/jars/shaded-oauth-2.0.1.jar:/Users/mac/.ivy2/cache/com.typesafe.play/play-guice_2.12/jars/play-guice_2.12-2.7.0.jar:/Users/mac/.ivy2/cache/com.google.inject/guice/jars/guice-4.2.2.jar:/Users/mac/.ivy2/cache/aopalliance/aopalliance/jars/aopalliance-1.0.jar:/Users/mac/.ivy2/cache/com.google.inject.extensions/guice-assistedinject/jars/guice-assistedinject-4.2.2.jar:/Users/mac/Documents/Code/scala_programming/scala-web-project/conf -Yrangepos -Ypresentation-any-thread -Ymacro-expand:discard -unchecked -Ycache-plugin-class-loader:last-modified -Xplugin-require:semanticdb

  last tree to typer: Ident(WSClient)
       tree position: line 8 of file:///Users/mac/Documents/Code/scala_programming/scala-web-project/app/services/SunService.scala
              symbol: <none>
   symbol definition: <none> (a NoSymbol)
      symbol package: <none>
       symbol owners: 
           call site: <none> in <none>

== Source file context for tree position ==

     5 import scala.concurrent.Future
     6 import scala.concurrent.ExecutionContext.Implicits.global
     7 
     8 class SunService(wsClient: WSClient) {
     9   def getSunInfo(lat: Double, lon: Double): Future[S_CURSOR_] = {
    10     val responseF = wsClient
    11       .url(
scala.reflect.internal.FatalError: 
  bad constant pool tag 19 at byte 54
     while compiling: file:///Users/mac/Documents/Code/scala_programming/scala-web-project/app/services/SunService.scala
        during phase: globalPhase=<no phase>, enteringPhase=parser
     library version: version 2.12.8
    compiler version: version 2.12.8
  reconstructed args: -encoding utf8 -deprecation -classpath /Users/mac/Documents/Code/scala_programming/scala-web-project/.bloop/root/bloop-bsp-clients-classes/classes-Metals-Slow7H9kRLqZvmn_NhmOrg==:/Users/mac/.ivy2/cache/org.scala-lang/scala-library/jars/scala-library-2.12.8.jar:/Users/mac/.ivy2/cache/com.typesafe.play/twirl-api_2.12/jars/twirl-api_2.12-1.4.0.jar:/Users/mac/.ivy2/cache/org.scala-lang.modules/scala-xml_2.12/bundles/scala-xml_2.12-1.1.0.jar:/Users/mac/.ivy2/cache/com.typesafe.play/play-server_2.12/jars/play-server_2.12-2.7.0.jar:/Users/mac/.ivy2/cache/com.typesafe.play/play_2.12/jars/play_2.12-2.7.0.jar:/Users/mac/.ivy2/cache/com.typesafe.play/build-link/jars/build-link-2.7.0.jar:/Users/mac/.ivy2/cache/com.typesafe.play/play-exceptions/jars/play-exceptions-2.7.0.jar:/Users/mac/.ivy2/cache/com.typesafe.play/play-streams_2.12/jars/play-streams_2.12-2.7.0.jar:/Users/mac/.ivy2/cache/org.reactivestreams/reactive-streams/jars/reactive-streams-1.0.2.jar:/Users/mac/.ivy2/cache/com.typesafe.akka/akka-stream_2.12/jars/akka-stream_2.12-2.5.19.jar:/Users/mac/.ivy2/cache/com.typesafe.akka/akka-actor_2.12/jars/akka-actor_2.12-2.5.19.jar:/Users/mac/.ivy2/cache/com.typesafe/config/bundles/config-1.3.3.jar:/Users/mac/.ivy2/cache/org.scala-lang.modules/scala-java8-compat_2.12/jars/scala-java8-compat_2.12-0.9.0.jar:/Users/mac/.ivy2/cache/com.typesafe.akka/akka-protobuf_2.12/jars/akka-protobuf_2.12-2.5.19.jar:/Users/mac/.ivy2/cache/com.typesafe/ssl-config-core_2.12/bundles/ssl-config-core_2.12-0.3.7.jar:/Users/mac/.ivy2/cache/org.scala-lang.modules/scala-parser-combinators_2.12/bundles/scala-parser-combinators_2.12-1.1.1.jar:/Users/mac/.ivy2/cache/org.slf4j/slf4j-api/jars/slf4j-api-1.7.25.jar:/Users/mac/.ivy2/cache/org.slf4j/jul-to-slf4j/jars/jul-to-slf4j-1.7.25.jar:/Users/mac/.ivy2/cache/org.slf4j/jcl-over-slf4j/jars/jcl-over-slf4j-1.7.25.jar:/Users/mac/.ivy2/cache/com.typesafe.akka/akka-slf4j_2.12/jars/akka-slf4j_2.12-2.5.19.jar:/Users/mac/.ivy2/cache/com.fasterxml.jackson.core/jackson-core/bundles/jackson-core-2.9.8.jar:/Users/mac/.ivy2/cache/com.fasterxml.jackson.core/jackson-annotations/bundles/jackson-annotations-2.9.8.jar:/Users/mac/.ivy2/cache/com.fasterxml.jackson.core/jackson-databind/bundles/jackson-databind-2.9.8.jar:/Users/mac/.ivy2/cache/com.fasterxml.jackson.datatype/jackson-datatype-jdk8/bundles/jackson-datatype-jdk8-2.9.8.jar:/Users/mac/.ivy2/cache/com.fasterxml.jackson.datatype/jackson-datatype-jsr310/bundles/jackson-datatype-jsr310-2.9.8.jar:/Users/mac/.ivy2/cache/com.typesafe.play/play-json_2.12/jars/play-json_2.12-2.7.0.jar:/Users/mac/.ivy2/cache/com.typesafe.play/play-functional_2.12/jars/play-functional_2.12-2.7.0.jar:/Users/mac/.ivy2/cache/org.scala-lang/scala-reflect/jars/scala-reflect-2.12.8.jar:/Users/mac/.ivy2/cache/org.typelevel/macro-compat_2.12/jars/macro-compat_2.12-1.1.1.jar:/Users/mac/.ivy2/cache/org.scala-lang.modules/scala-collection-compat_2.12/bundles/scala-collection-compat_2.12-0.1.1.jar:/Users/mac/.ivy2/cache/joda-time/joda-time/jars/joda-time-2.10.1.jar:/Users/mac/.ivy2/cache/com.google.guava/guava/bundles/guava-27.0-jre.jar:/Users/mac/.ivy2/cache/com.google.guava/failureaccess/jars/failureaccess-1.0.jar:/Users/mac/.ivy2/cache/com.google.guava/listenablefuture/jars/listenablefuture-9999.0-empty-to-avoid-conflict-with-guava.jar:/Users/mac/.ivy2/cache/com.google.code.findbugs/jsr305/jars/jsr305-3.0.2.jar:/Users/mac/.ivy2/cache/org.checkerframework/checker-qual/jars/checker-qual-2.5.2.jar:/Users/mac/.ivy2/cache/com.google.errorprone/error_prone_annotations/jars/error_prone_annotations-2.2.0.jar:/Users/mac/.ivy2/cache/com.google.j2objc/j2objc-annotations/jars/j2objc-annotations-1.1.jar:/Users/mac/.ivy2/cache/org.codehaus.mojo/animal-sniffer-annotations/jars/animal-sniffer-annotations-1.17.jar:/Users/mac/.ivy2/cache/io.jsonwebtoken/jjwt/jars/jjwt-0.9.1.jar:/Users/mac/.ivy2/cache/javax.xml.bind/jaxb-api/jars/jaxb-api-2.3.1.jar:/Users/mac/.ivy2/cache/javax.activation/javax.activation-api/jars/javax.activation-api-1.2.0.jar:/Users/mac/.ivy2/cache/javax.transaction/jta/jars/jta-1.1.jar:/Users/mac/.ivy2/cache/javax.inject/javax.inject/jars/javax.inject-1.jar:/Users/mac/.ivy2/cache/com.typesafe.play/play-logback_2.12/jars/play-logback_2.12-2.7.0.jar:/Users/mac/.ivy2/cache/ch.qos.logback/logback-classic/jars/logback-classic-1.2.3.jar:/Users/mac/.ivy2/cache/ch.qos.logback/logback-core/jars/logback-core-1.2.3.jar:/Users/mac/.ivy2/cache/com.typesafe.play/play-akka-http-server_2.12/jars/play-akka-http-server_2.12-2.7.0.jar:/Users/mac/.ivy2/cache/com.typesafe.akka/akka-http-core_2.12/jars/akka-http-core_2.12-10.1.7.jar:/Users/mac/.ivy2/cache/com.typesafe.akka/akka-parsing_2.12/jars/akka-parsing_2.12-10.1.7.jar:/Users/mac/.ivy2/cache/com.typesafe.play/filters-helpers_2.12/jars/filters-helpers_2.12-2.7.0.jar:/Users/mac/.ivy2/cache/com.typesafe.play/play-jdbc_2.12/jars/play-jdbc_2.12-2.7.0.jar:/Users/mac/.ivy2/cache/com.typesafe.play/play-jdbc-api_2.12/jars/play-jdbc-api_2.12-2.7.0.jar:/Users/mac/.ivy2/cache/com.zaxxer/HikariCP/bundles/HikariCP-3.3.0.jar:/Users/mac/.ivy2/cache/com.googlecode.usc/jdbcdslog/jars/jdbcdslog-1.0.6.2.jar:/Users/mac/.ivy2/cache/tyrex/tyrex/jars/tyrex-1.0.1.jar:/Users/mac/.ivy2/cache/com.typesafe.play/play-caffeine-cache_2.12/jars/play-caffeine-cache_2.12-2.7.0.jar:/Users/mac/.ivy2/cache/com.typesafe.play/play-cache_2.12/jars/play-cache_2.12-2.7.0.jar:/Users/mac/.ivy2/cache/com.github.ben-manes.caffeine/caffeine/jars/caffeine-2.6.2.jar:/Users/mac/.ivy2/cache/com.github.ben-manes.caffeine/jcache/jars/jcache-2.6.2.jar:/Users/mac/.ivy2/cache/javax.cache/cache-api/jars/cache-api-1.0.0.jar:/Users/mac/.ivy2/cache/com.typesafe.play/play-ahc-ws_2.12/jars/play-ahc-ws_2.12-2.7.0.jar:/Users/mac/.ivy2/cache/com.typesafe.play/play-ws_2.12/jars/play-ws_2.12-2.7.0.jar:/Users/mac/.ivy2/cache/com.typesafe.play/play-ws-standalone_2.12/jars/play-ws-standalone_2.12-2.0.1.jar:/Users/mac/.ivy2/cache/com.typesafe.play/play-ws-standalone-xml_2.12/jars/play-ws-standalone-xml_2.12-2.0.1.jar:/Users/mac/.ivy2/cache/com.typesafe.play/play-ws-standalone-json_2.12/jars/play-ws-standalone-json_2.12-2.0.1.jar:/Users/mac/.ivy2/cache/com.typesafe.play/play-ahc-ws-standalone_2.12/jars/play-ahc-ws-standalone_2.12-2.0.1.jar:/Users/mac/.ivy2/cache/com.typesafe.play/cachecontrol_2.12/jars/cachecontrol_2.12-1.1.5.jar:/Users/mac/.ivy2/cache/org.joda/joda-convert/jars/joda-convert-1.9.2.jar:/Users/mac/.ivy2/cache/com.typesafe.play/shaded-asynchttpclient/jars/shaded-asynchttpclient-2.0.1.jar:/Users/mac/.ivy2/cache/com.typesafe.play/shaded-oauth/jars/shaded-oauth-2.0.1.jar:/Users/mac/.ivy2/cache/com.typesafe.play/play-guice_2.12/jars/play-guice_2.12-2.7.0.jar:/Users/mac/.ivy2/cache/com.google.inject/guice/jars/guice-4.2.2.jar:/Users/mac/.ivy2/cache/aopalliance/aopalliance/jars/aopalliance-1.0.jar:/Users/mac/.ivy2/cache/com.google.inject.extensions/guice-assistedinject/jars/guice-assistedinject-4.2.2.jar:/Users/mac/Documents/Code/scala_programming/scala-web-project/conf -Yrangepos -Ypresentation-any-thread -Ymacro-expand:discard -unchecked -Ycache-plugin-class-loader:last-modified -Xplugin-require:semanticdb

  last tree to typer: Ident(WSClient)
       tree position: line 8 of file:///Users/mac/Documents/Code/scala_programming/scala-web-project/app/services/SunService.scala
              symbol: <none>
   symbol definition: <none> (a NoSymbol)
      symbol package: <none>
       symbol owners: 
           call site: <none> in <none>

== Source file context for tree position ==

     5 import scala.concurrent.Future
     6 import scala.concurrent.ExecutionContext.Implicits.global
     7 
     8 class SunService(wsClient: WSClient) {
     9   def getSunInfo(lat: Double, lon: Double): Future[S_CURSOR_] = {
    10     val responseF = wsClient
    11       .url(
	at scala.reflect.internal.Reporting.abort(Reporting.scala:68)
	at scala.reflect.internal.Reporting.abort$(Reporting.scala:64)
	at scala.reflect.internal.SymbolTable.abort(SymbolTable.scala:27)
	at scala.tools.nsc.symtab.classfile.ClassfileParser$ConstantPool.errorBadTag(ClassfileParser.scala:372)
	at scala.tools.nsc.symtab.classfile.ClassfileParser$ConstantPool.<init>(ClassfileParser.scala:197)
	at scala.tools.nsc.symtab.SymbolLoaders$ClassfileLoader$classfileParser$.newConstantPool(SymbolLoaders.scala:310)
	at scala.tools.nsc.symtab.classfile.ClassfileParser.$anonfun$parse$1(ClassfileParser.scala:161)
	at scala.tools.nsc.symtab.classfile.ClassfileParser.parse(ClassfileParser.scala:133)
	at scala.tools.nsc.symtab.SymbolLoaders$ClassfileLoader.doComplete(SymbolLoaders.scala:332)
	at scala.tools.nsc.symtab.SymbolLoaders$SymbolLoader.complete(SymbolLoaders.scala:231)
	at scala.reflect.internal.Symbols$Symbol.info(Symbols.scala:1542)
	at scala.reflect.internal.Symbols$Symbol.tpeHK(Symbols.scala:1477)
	at scala.reflect.internal.Types$Type.computeMemberType(Types.scala:733)
	at scala.reflect.internal.Types$Type.memberType(Types.scala:730)
	at scala.tools.nsc.interactive.Global$Members.$anonfun$add$1(Global.scala:999)
	at scala.tools.nsc.interactive.Global$OnTypeError.onTypeError(Global.scala:1358)
	at scala.tools.nsc.interactive.Global$Members.add(Global.scala:999)
	at scala.tools.nsc.interactive.Global.addScopeMember$1(Global.scala:1028)
	at scala.tools.nsc.interactive.Global.$anonfun$scopeMembers$2(Global.scala:1045)
	at scala.tools.nsc.interactive.Global.$anonfun$scopeMembers$2$adapted(Global.scala:1044)
	at scala.reflect.internal.Scopes$Scope.foreach(Scopes.scala:415)
	at scala.tools.nsc.interactive.Global.scopeMembers(Global.scala:1044)
	at scala.tools.nsc.interactive.Global.completionsAt(Global.scala:1255)
	at scala.meta.internal.pc.CompletionProvider.safeCompletionsAt(CompletionProvider.scala:367)
	at scala.meta.internal.pc.CompletionProvider.completions(CompletionProvider.scala:51)

INFO  compiling root (9 scala sources and 1 java source)
INFO  time: compiled root in 1.03s
INFO  running '/Library/Java/JavaVirtualMachines/adoptopenjdk-8.jdk/Contents/Home/bin/java -Djline.terminal=jline.UnsupportedTerminal -Dsbt.log.noformat=true -Dfile.encoding=UTF-8 -jar /var/folders/3q/5zmjcyhj375b950wqz17066m0000gn/T/metals3002963522534110925/sbt-launch.jar set bloopExportJarClassifiers in Global := Some(Set("sources")) bloopInstall'
INFO  [info] Loading settings for project scala-web-project-build from plugins.sbt,metals.sbt ...
INFO  [info] Loading project definition from /Users/mac/Documents/Code/scala_programming/scala-web-project/project
INFO  [info] Loading settings for project root from build.sbt ...
INFO  [info] Set current project to scala-web-project (in build file:/Users/mac/Documents/Code/scala_programming/scala-web-project/)
INFO  [info] Defining Global / bloopExportJarClassifiers
INFO  [info] The new value will be used by ThisBuild / bloopExportJarClassifiers
INFO  [info] Reapplying settings...
INFO  [info] Set current project to scala-web-project (in build file:/Users/mac/Documents/Code/scala_programming/scala-web-project/)
INFO  [info] Updating ...
INFO  [info] downloading https://repo1.maven.org/maven2/com/softwaremill/macwire/macros_2.12/2.3.0/macros_2.12-2.3.0.jar ...
INFO  [info] 	[SUCCESSFUL ] com.softwaremill.macwire#macros_2.12;2.3.0!macros_2.12.jar (1255ms)
INFO  [info] Done updating.
INFO  [warn] There may be incompatibilities among your library dependencies; run 'evicted' to see detailed eviction warnings.
INFO  [info] downloading https://repo1.maven.org/maven2/com/softwaremill/macwire/macros_2.12/2.3.0/macros_2.12-2.3.0-sources.jar ...
INFO  [info] 	[SUCCESSFUL ] com.softwaremill.macwire#macros_2.12;2.3.0!macros_2.12.jar(src) (1016ms)
INFO  [success] Generated .bloop/root-test.json
INFO  [success] Generated .bloop/root.json
INFO  [success] Total time: 25 s, completed Mar 6, 2020 9:53:31 AM
INFO  time: ran 'sbt bloopInstall' in 55s
INFO  build tool exit: 0
INFO  disconnected: build server
No more data in the client stdin, exiting...
Starting the bsp launcher for bloop...
Opening a bsp server connection with 'bsp --protocol local --socket /var/folders/3q/5zmjcyhj375b950wqz17066m0000gn/T/bsp-launcher7419623860465650455/bsp.socket'...
Waiting for the bsp connection to come up...
No more data in the server stdin, exiting...
No more data in the server stdin, exiting...
[0m[32m[D][0m Loading workspace settings from bloop.settings.json
[0m[32m[D][0m Loading 2 projects from '/Users/mac/Documents/Code/scala_programming/scala-web-project/.bloop'...
[0m[32m[D][0m Loading project from '/Users/mac/Documents/Code/scala_programming/scala-web-project/.bloop/root.json'
[0m[32m[D][0m Loading project from '/Users/mac/Documents/Code/scala_programming/scala-web-project/.bloop/root-test.json'
[0m[32m[D][0m Configured SemanticDB in projects 'root', 'root-test'
[0m[32m[D][0m Waiting for a connection at local:///var/folders/3q/5zmjcyhj375b950wqz17066m0000gn/T/bsp-launcher7419623860465650455/bsp.socket...
The server is listening for incoming connections at local:///var/folders/3q/5zmjcyhj375b950wqz17066m0000gn/T/bsp-launcher7419623860465650455/bsp.socket...
Starting thread that pumps stdin and redirects it to the bsp server...
Starting thread that pumps server stdout and redirects it to the client stdout...
INFO  tracing is disabled for protocol BSP, to enable tracing of incoming and outgoing JSON messages create an empty file at /Users/mac/Library/Caches/org.scalameta.metals/bsp.trace.json
INFO  Connected to Build server v1.4.0-RC1
INFO  time: indexed workspace in 1.59s
INFO  compiling root (9 scala sources and 1 java source)
INFO  time: compiled root in 1.28s
